2019-02-13 08:23:18.968 [main] INFO  com.mml.MmlServerApplication - Starting MmlServerApplication on DESKTOP-OCE30L6 with PID 10840 (D:\NodejsProject\mml\mml-server\target\classes started by kiven in D:\NodejsProject\mml\mml-server)
2019-02-13 08:23:19.315 [main] INFO  com.mml.MmlServerApplication - No active profile set, falling back to default profiles: default
2019-02-13 08:23:19.352 [background-preinit] INFO  org.hibernate.validator.internal.util.Version - HV000001: Hibernate Validator 5.3.6.Final
2019-02-13 08:23:19.577 [main] INFO  o.s.b.c.e.AnnotationConfigEmbeddedWebApplicationContext - Refreshing org.springframework.boot.context.embedded.AnnotationConfigEmbeddedWebApplicationContext@647e447: startup date [Wed Feb 13 08:23:19 CST 2019]; root of context hierarchy
2019-02-13 08:23:22.395 [main] INFO  o.s.c.s.PostProcessorRegistrationDelegate$BeanPostProcessorChecker - Bean 'org.springframework.ws.config.annotation.DelegatingWsConfiguration' of type [org.springframework.ws.config.annotation.DelegatingWsConfiguration$$EnhancerBySpringCGLIB$$1684950b] is not eligible for getting processed by all BeanPostProcessors (for example: not eligible for auto-proxying)
2019-02-13 08:23:22.700 [main] INFO  o.s.w.s.a.server.AnnotationActionEndpointMapping - Supporting [WS-Addressing August 2004, WS-Addressing 1.0]
2019-02-13 08:23:24.748 [main] INFO  o.s.b.c.e.tomcat.TomcatEmbeddedServletContainer - Tomcat initialized with port(s): 8080 (http)
2019-02-13 08:23:24.820 [main] INFO  org.apache.catalina.core.StandardService - Starting service [Tomcat]
2019-02-13 08:23:24.838 [main] INFO  org.apache.catalina.core.StandardEngine - Starting Servlet Engine: Apache Tomcat/8.5.23
2019-02-13 08:23:25.194 [localhost-startStop-1] INFO  o.a.c.core.ContainerBase.[Tomcat].[localhost].[/] - Initializing Spring embedded WebApplicationContext
2019-02-13 08:23:25.207 [localhost-startStop-1] INFO  org.springframework.web.context.ContextLoader - Root WebApplicationContext: initialization completed in 5631 ms
2019-02-13 08:23:25.553 [localhost-startStop-1] INFO  o.s.boot.web.servlet.FilterRegistrationBean - Mapping filter: 'characterEncodingFilter' to: [/*]
2019-02-13 08:23:25.574 [localhost-startStop-1] INFO  o.s.boot.web.servlet.FilterRegistrationBean - Mapping filter: 'hiddenHttpMethodFilter' to: [/*]
2019-02-13 08:23:25.588 [localhost-startStop-1] INFO  o.s.boot.web.servlet.FilterRegistrationBean - Mapping filter: 'httpPutFormContentFilter' to: [/*]
2019-02-13 08:23:25.602 [localhost-startStop-1] INFO  o.s.boot.web.servlet.FilterRegistrationBean - Mapping filter: 'requestContextFilter' to: [/*]
2019-02-13 08:23:25.616 [localhost-startStop-1] INFO  o.s.boot.web.servlet.FilterRegistrationBean - Mapping filter: 'corsFilter' to: [/*]
2019-02-13 08:23:25.629 [localhost-startStop-1] INFO  o.s.boot.web.servlet.ServletRegistrationBean - Mapping servlet: 'dispatcherServlet' to [/]
2019-02-13 08:23:25.645 [localhost-startStop-1] INFO  o.s.boot.web.servlet.ServletRegistrationBean - Mapping servlet: 'messageDispatcherServlet' to [/services/*]
2019-02-13 08:23:28.436 [main] INFO  o.s.orm.jpa.LocalContainerEntityManagerFactoryBean - Building JPA container EntityManagerFactory for persistence unit 'default'
2019-02-13 08:23:28.490 [main] INFO  org.hibernate.jpa.internal.util.LogHelper - HHH000204: Processing PersistenceUnitInfo [
	name: default
	...]
2019-02-13 08:23:28.666 [main] INFO  org.hibernate.Version - HHH000412: Hibernate Core {5.0.12.Final}
2019-02-13 08:23:28.681 [main] INFO  org.hibernate.cfg.Environment - HHH000206: hibernate.properties not found
2019-02-13 08:23:28.695 [main] INFO  org.hibernate.cfg.Environment - HHH000021: Bytecode provider name : javassist
2019-02-13 08:23:28.872 [main] INFO  org.hibernate.annotations.common.Version - HCANN000001: Hibernate Commons Annotations {5.0.1.Final}
2019-02-13 08:23:29.232 [main] INFO  org.hibernate.dialect.Dialect - HHH000400: Using dialect: org.hibernate.dialect.MySQL5Dialect
2019-02-13 08:23:29.664 [main] WARN  org.hibernate.mapping.RootClass - HHH000038: Composite-id class does not override equals(): com.mml.domain.jpa.LoggingEventException
2019-02-13 08:23:29.676 [main] WARN  org.hibernate.mapping.RootClass - HHH000039: Composite-id class does not override hashCode(): com.mml.domain.jpa.LoggingEventException
2019-02-13 08:23:29.688 [main] WARN  org.hibernate.mapping.RootClass - HHH000038: Composite-id class does not override equals(): com.mml.domain.jpa.LoggingEventProperty
2019-02-13 08:23:29.701 [main] WARN  org.hibernate.mapping.RootClass - HHH000039: Composite-id class does not override hashCode(): com.mml.domain.jpa.LoggingEventProperty
2019-02-13 08:23:30.525 [main] INFO  org.hibernate.tool.hbm2ddl.SchemaUpdate - HHH000228: Running hbm2ddl schema update
2019-02-13 08:23:31.895 [main] INFO  o.s.orm.jpa.LocalContainerEntityManagerFactoryBean - Initialized JPA EntityManagerFactory for persistence unit 'default'
2019-02-13 08:23:33.517 [main] INFO  o.s.w.s.m.m.a.RequestMappingHandlerAdapter - Looking for @ControllerAdvice: org.springframework.boot.context.embedded.AnnotationConfigEmbeddedWebApplicationContext@647e447: startup date [Wed Feb 13 08:23:19 CST 2019]; root of context hierarchy
2019-02-13 08:23:33.772 [main] INFO  o.s.w.s.m.m.a.RequestMappingHandlerMapping - Mapped "{[/app.json/menu],methods=[GET]}" onto public com.mml.domain.TResponse com.mml.controller.AppController.module(javax.servlet.http.HttpServletRequest,javax.servlet.http.HttpServletResponse)
2019-02-13 08:23:33.787 [main] INFO  o.s.w.s.m.m.a.RequestMappingHandlerMapping - Mapped "{[/init.json/component/{method}],methods=[GET]}" onto public com.mml.domain.TResponse com.mml.controller.InitController.component(javax.servlet.http.HttpServletRequest,javax.servlet.http.HttpServletResponse,java.lang.String,java.lang.String)
2019-02-13 08:23:33.798 [main] INFO  o.s.w.s.m.m.a.RequestMappingHandlerMapping - Mapped "{[/init.json/experiment/{method}],methods=[GET]}" onto public com.mml.domain.TResponse com.mml.controller.InitController.experiment(javax.servlet.http.HttpServletRequest,javax.servlet.http.HttpServletResponse,java.lang.String,java.lang.String)
2019-02-13 08:23:33.812 [main] INFO  o.s.w.s.m.m.a.RequestMappingHandlerMapping - Mapped "{[/task.json/norun/loadNode],methods=[POST]}" onto public com.mml.domain.TResponse com.mml.controller.TaskController.getNode(javax.servlet.http.HttpServletRequest,javax.servlet.http.HttpServletResponse,java.lang.String)
2019-02-13 08:23:33.824 [main] INFO  o.s.w.s.m.m.a.RequestMappingHandlerMapping - Mapped "{[/task.json/norun/{method}],methods=[GET]}" onto public com.mml.domain.TResponse com.mml.controller.TaskController.noRun(javax.servlet.http.HttpServletRequest,javax.servlet.http.HttpServletResponse,java.lang.String,java.lang.String)
2019-02-13 08:23:33.842 [main] INFO  o.s.w.s.m.m.a.RequestMappingHandlerMapping - Mapped "{[/task.json/norun/addNode],methods=[POST]}" onto public com.mml.domain.TResponse com.mml.controller.TaskController.registerNode(javax.servlet.http.HttpServletRequest,javax.servlet.http.HttpServletResponse,java.lang.String,java.lang.String,java.lang.String,java.lang.String)
2019-02-13 08:23:33.856 [main] INFO  o.s.w.s.m.m.a.RequestMappingHandlerMapping - Mapped "{[/task.json/norun/addNodeLink],methods=[POST]}" onto public com.mml.domain.TResponse com.mml.controller.TaskController.registerNodeLink(javax.servlet.http.HttpServletRequest,javax.servlet.http.HttpServletResponse,java.lang.String,java.lang.String,java.lang.String,java.lang.String,java.lang.String)
2019-02-13 08:23:33.870 [main] INFO  o.s.w.s.m.m.a.RequestMappingHandlerMapping - Mapped "{[/task.json/run/{id}],methods=[POST]}" onto public com.mml.domain.TResponse com.mml.controller.TaskController.Run(javax.servlet.http.HttpServletRequest,javax.servlet.http.HttpServletResponse,java.lang.String)
2019-02-13 08:23:33.901 [main] INFO  o.s.w.s.m.m.a.RequestMappingHandlerMapping - Mapped "{[/user.json/data/getData],methods=[POST]}" onto public com.mml.domain.TResponse com.mml.controller.UserController.getData(javax.servlet.http.HttpServletRequest,javax.servlet.http.HttpServletResponse,java.lang.String,java.lang.Integer,java.lang.Integer)
2019-02-13 08:23:33.916 [main] INFO  o.s.w.s.m.m.a.RequestMappingHandlerMapping - Mapped "{[/user.json/log/getLogging],methods=[POST]}" onto public com.mml.domain.TResponse com.mml.controller.UserController.getLogging(javax.servlet.http.HttpServletRequest,javax.servlet.http.HttpServletResponse,java.lang.String,java.lang.Integer,java.lang.Integer)
2019-02-13 08:23:33.933 [main] INFO  o.s.w.s.m.m.a.RequestMappingHandlerMapping - Mapped "{[/user.json/data/getNodeTableData],methods=[POST]}" onto public com.mml.domain.TResponse com.mml.controller.UserController.getNodeTableData(javax.servlet.http.HttpServletRequest,javax.servlet.http.HttpServletResponse,java.lang.Integer,java.lang.Integer,java.lang.Integer)
2019-02-13 08:23:33.956 [main] INFO  o.s.w.s.m.m.a.RequestMappingHandlerMapping - Mapped "{[/user.json/data/getNodeRadarData],methods=[POST]}" onto public com.mml.domain.TResponse com.mml.controller.UserController.getNodeRadarData(javax.servlet.http.HttpServletRequest,javax.servlet.http.HttpServletResponse,java.lang.Integer,java.lang.Integer,java.lang.Integer)
2019-02-13 08:23:33.970 [main] INFO  o.s.w.s.m.m.a.RequestMappingHandlerMapping - Mapped "{[/user.json/data/getNodeLineBarData],methods=[POST]}" onto public com.mml.domain.TResponse com.mml.controller.UserController.getNodeLineBarData(javax.servlet.http.HttpServletRequest,javax.servlet.http.HttpServletResponse,java.lang.Integer,java.lang.Integer,java.lang.Integer)
2019-02-13 08:23:33.982 [main] INFO  o.s.w.s.m.m.a.RequestMappingHandlerMapping - Mapped "{[/user.json/experiment/addExperiment],methods=[POST]}" onto public com.mml.domain.TResponse com.mml.controller.UserController.registerExperiment(javax.servlet.http.HttpServletRequest,javax.servlet.http.HttpServletResponse,java.lang.String,java.lang.String,java.lang.String,java.lang.String)
2019-02-13 08:23:33.994 [main] INFO  o.s.w.s.m.m.a.RequestMappingHandlerMapping - Mapped "{[/user.json/user/getUserInformation],methods=[POST]}" onto public com.mml.domain.TResponse com.mml.controller.UserController.getUserInformation(javax.servlet.http.HttpServletRequest,javax.servlet.http.HttpServletResponse,java.lang.String)
2019-02-13 08:23:34.012 [main] INFO  o.s.w.s.m.m.a.RequestMappingHandlerMapping - Mapped "{[/error]}" onto public org.springframework.http.ResponseEntity<java.util.Map<java.lang.String, java.lang.Object>> org.springframework.boot.autoconfigure.web.BasicErrorController.error(javax.servlet.http.HttpServletRequest)
2019-02-13 08:23:34.024 [main] INFO  o.s.w.s.m.m.a.RequestMappingHandlerMapping - Mapped "{[/error],produces=[text/html]}" onto public org.springframework.web.servlet.ModelAndView org.springframework.boot.autoconfigure.web.BasicErrorController.errorHtml(javax.servlet.http.HttpServletRequest,javax.servlet.http.HttpServletResponse)
2019-02-13 08:23:34.096 [main] INFO  o.s.web.servlet.handler.SimpleUrlHandlerMapping - Mapped URL path [/webjars/**] onto handler of type [class org.springframework.web.servlet.resource.ResourceHttpRequestHandler]
2019-02-13 08:23:34.109 [main] INFO  o.s.web.servlet.handler.SimpleUrlHandlerMapping - Mapped URL path [/**] onto handler of type [class org.springframework.web.servlet.resource.ResourceHttpRequestHandler]
2019-02-13 08:23:34.235 [main] INFO  o.s.web.servlet.handler.SimpleUrlHandlerMapping - Mapped URL path [/**/favicon.ico] onto handler of type [class org.springframework.web.servlet.resource.ResourceHttpRequestHandler]
2019-02-13 08:23:34.942 [main] INFO  o.s.jmx.export.annotation.AnnotationMBeanExporter - Registering beans for JMX exposure on startup
2019-02-13 08:23:35.013 [main] INFO  org.apache.coyote.http11.Http11NioProtocol - Initializing ProtocolHandler ["http-nio-8080"]
2019-02-13 08:23:35.071 [main] INFO  org.apache.coyote.http11.Http11NioProtocol - Starting ProtocolHandler ["http-nio-8080"]
2019-02-13 08:23:35.154 [main] INFO  org.apache.tomcat.util.net.NioSelectorPool - Using a shared selector for servlet write/read
2019-02-13 08:23:35.212 [main] INFO  o.s.b.c.e.tomcat.TomcatEmbeddedServletContainer - Tomcat started on port(s): 8080 (http)
2019-02-13 08:23:35.229 [main] INFO  com.mml.MmlServerApplication - Started MmlServerApplication in 17.17 seconds (JVM running for 17.957)
2019-02-13 08:24:05.563 [http-nio-8080-exec-1] INFO  o.a.c.core.ContainerBase.[Tomcat].[localhost].[/] - Initializing Spring FrameworkServlet 'dispatcherServlet'
2019-02-13 08:24:05.576 [http-nio-8080-exec-1] INFO  org.springframework.web.servlet.DispatcherServlet - FrameworkServlet 'dispatcherServlet': initialization started
2019-02-13 08:24:05.723 [http-nio-8080-exec-1] INFO  org.springframework.web.servlet.DispatcherServlet - FrameworkServlet 'dispatcherServlet': initialization completed in 135 ms
2019-02-13 08:24:10.249 [http-nio-8080-exec-2] INFO  com.mml.service.impl.AppServiceImpl - init ->findAppMenu
2019-02-13 08:24:10.513 [http-nio-8080-exec-2] INFO  o.h.hql.internal.QueryTranslatorFactoryInitiator - HHH000397: Using ASTQueryTranslatorFactory
2019-02-13 08:52:26.950 [http-nio-8080-exec-8] INFO  com.mml.service.impl.AppServiceImpl - init ->findAppMenu
2019-02-13 08:52:26.991 [http-nio-8080-exec-5] INFO  com.mml.service.impl.UserServiceImpl - user -> findById
