2019-02-15 09:17:50.377 [main] ERROR org.springframework.boot.SpringApplication - Application startup failed
java.lang.IllegalStateException: java.lang.IllegalStateException: Logback configuration error detected: 
ERROR in ch.qos.logback.core.joran.spi.Interpreter@51:16 - RuntimeException in Action for tag [appender] java.lang.IllegalStateException: DBAppender cannot function if the JDBC driver does not support getGeneratedKeys method *and* without a specific SQL dialect
	at org.springframework.boot.logging.LoggingApplicationListener.initializeSystem(LoggingApplicationListener.java:315)
	at org.springframework.boot.logging.LoggingApplicationListener.initialize(LoggingApplicationListener.java:276)
	at org.springframework.boot.logging.LoggingApplicationListener.onApplicationEnvironmentPreparedEvent(LoggingApplicationListener.java:239)
	at org.springframework.boot.logging.LoggingApplicationListener.onApplicationEvent(LoggingApplicationListener.java:212)
	at org.springframework.context.event.SimpleApplicationEventMulticaster.doInvokeListener(SimpleApplicationEventMulticaster.java:172)
	at org.springframework.context.event.SimpleApplicationEventMulticaster.invokeListener(SimpleApplicationEventMulticaster.java:165)
	at org.springframework.context.event.SimpleApplicationEventMulticaster.multicastEvent(SimpleApplicationEventMulticaster.java:139)
	at org.springframework.context.event.SimpleApplicationEventMulticaster.multicastEvent(SimpleApplicationEventMulticaster.java:122)
	at org.springframework.boot.context.event.EventPublishingRunListener.environmentPrepared(EventPublishingRunListener.java:74)
	at org.springframework.boot.SpringApplicationRunListeners.environmentPrepared(SpringApplicationRunListeners.java:54)
	at org.springframework.boot.SpringApplication.prepareEnvironment(SpringApplication.java:325)
	at org.springframework.boot.SpringApplication.run(SpringApplication.java:296)
	at org.springframework.boot.SpringApplication.run(SpringApplication.java:1118)
	at org.springframework.boot.SpringApplication.run(SpringApplication.java:1107)
	at com.mml.MmlServerApplication.main(MmlServerApplication.java:8)
Caused by: java.lang.IllegalStateException: Logback configuration error detected: 
ERROR in ch.qos.logback.core.joran.spi.Interpreter@51:16 - RuntimeException in Action for tag [appender] java.lang.IllegalStateException: DBAppender cannot function if the JDBC driver does not support getGeneratedKeys method *and* without a specific SQL dialect
	at org.springframework.boot.logging.logback.LogbackLoggingSystem.loadConfiguration(LogbackLoggingSystem.java:162)
	at org.springframework.boot.logging.AbstractLoggingSystem.initializeWithSpecificConfig(AbstractLoggingSystem.java:66)
	at org.springframework.boot.logging.AbstractLoggingSystem.initialize(AbstractLoggingSystem.java:56)
	at org.springframework.boot.logging.logback.LogbackLoggingSystem.initialize(LogbackLoggingSystem.java:115)
	at org.springframework.boot.logging.LoggingApplicationListener.initializeSystem(LoggingApplicationListener.java:308)
	... 14 common frames omitted
2019-02-15 09:20:08.633 [main] ERROR org.springframework.boot.SpringApplication - Application startup failed
java.lang.IllegalStateException: java.lang.IllegalStateException: Logback configuration error detected: 
ERROR in ch.qos.logback.core.joran.spi.Interpreter@51:16 - RuntimeException in Action for tag [appender] java.lang.IllegalStateException: DBAppender cannot function if the JDBC driver does not support getGeneratedKeys method *and* without a specific SQL dialect
	at org.springframework.boot.logging.LoggingApplicationListener.initializeSystem(LoggingApplicationListener.java:315)
	at org.springframework.boot.logging.LoggingApplicationListener.initialize(LoggingApplicationListener.java:276)
	at org.springframework.boot.logging.LoggingApplicationListener.onApplicationEnvironmentPreparedEvent(LoggingApplicationListener.java:239)
	at org.springframework.boot.logging.LoggingApplicationListener.onApplicationEvent(LoggingApplicationListener.java:212)
	at org.springframework.context.event.SimpleApplicationEventMulticaster.doInvokeListener(SimpleApplicationEventMulticaster.java:172)
	at org.springframework.context.event.SimpleApplicationEventMulticaster.invokeListener(SimpleApplicationEventMulticaster.java:165)
	at org.springframework.context.event.SimpleApplicationEventMulticaster.multicastEvent(SimpleApplicationEventMulticaster.java:139)
	at org.springframework.context.event.SimpleApplicationEventMulticaster.multicastEvent(SimpleApplicationEventMulticaster.java:122)
	at org.springframework.boot.context.event.EventPublishingRunListener.environmentPrepared(EventPublishingRunListener.java:74)
	at org.springframework.boot.SpringApplicationRunListeners.environmentPrepared(SpringApplicationRunListeners.java:54)
	at org.springframework.boot.SpringApplication.prepareEnvironment(SpringApplication.java:325)
	at org.springframework.boot.SpringApplication.run(SpringApplication.java:296)
	at org.springframework.boot.SpringApplication.run(SpringApplication.java:1118)
	at org.springframework.boot.SpringApplication.run(SpringApplication.java:1107)
	at com.mml.MmlServerApplication.main(MmlServerApplication.java:8)
Caused by: java.lang.IllegalStateException: Logback configuration error detected: 
ERROR in ch.qos.logback.core.joran.spi.Interpreter@51:16 - RuntimeException in Action for tag [appender] java.lang.IllegalStateException: DBAppender cannot function if the JDBC driver does not support getGeneratedKeys method *and* without a specific SQL dialect
	at org.springframework.boot.logging.logback.LogbackLoggingSystem.loadConfiguration(LogbackLoggingSystem.java:162)
	at org.springframework.boot.logging.AbstractLoggingSystem.initializeWithSpecificConfig(AbstractLoggingSystem.java:66)
	at org.springframework.boot.logging.AbstractLoggingSystem.initialize(AbstractLoggingSystem.java:56)
	at org.springframework.boot.logging.logback.LogbackLoggingSystem.initialize(LogbackLoggingSystem.java:115)
	at org.springframework.boot.logging.LoggingApplicationListener.initializeSystem(LoggingApplicationListener.java:308)
	... 14 common frames omitted
2019-02-15 09:22:03.437 [main] ERROR org.springframework.boot.SpringApplication - Application startup failed
java.lang.IllegalStateException: java.lang.IllegalStateException: Logback configuration error detected: 
ERROR in ch.qos.logback.core.joran.spi.Interpreter@51:16 - RuntimeException in Action for tag [appender] java.lang.IllegalStateException: DBAppender cannot function if the JDBC driver does not support getGeneratedKeys method *and* without a specific SQL dialect
	at org.springframework.boot.logging.LoggingApplicationListener.initializeSystem(LoggingApplicationListener.java:315)
	at org.springframework.boot.logging.LoggingApplicationListener.initialize(LoggingApplicationListener.java:276)
	at org.springframework.boot.logging.LoggingApplicationListener.onApplicationEnvironmentPreparedEvent(LoggingApplicationListener.java:239)
	at org.springframework.boot.logging.LoggingApplicationListener.onApplicationEvent(LoggingApplicationListener.java:212)
	at org.springframework.context.event.SimpleApplicationEventMulticaster.doInvokeListener(SimpleApplicationEventMulticaster.java:172)
	at org.springframework.context.event.SimpleApplicationEventMulticaster.invokeListener(SimpleApplicationEventMulticaster.java:165)
	at org.springframework.context.event.SimpleApplicationEventMulticaster.multicastEvent(SimpleApplicationEventMulticaster.java:139)
	at org.springframework.context.event.SimpleApplicationEventMulticaster.multicastEvent(SimpleApplicationEventMulticaster.java:122)
	at org.springframework.boot.context.event.EventPublishingRunListener.environmentPrepared(EventPublishingRunListener.java:74)
	at org.springframework.boot.SpringApplicationRunListeners.environmentPrepared(SpringApplicationRunListeners.java:54)
	at org.springframework.boot.SpringApplication.prepareEnvironment(SpringApplication.java:325)
	at org.springframework.boot.SpringApplication.run(SpringApplication.java:296)
	at org.springframework.boot.SpringApplication.run(SpringApplication.java:1118)
	at org.springframework.boot.SpringApplication.run(SpringApplication.java:1107)
	at com.mml.MmlServerApplication.main(MmlServerApplication.java:8)
Caused by: java.lang.IllegalStateException: Logback configuration error detected: 
ERROR in ch.qos.logback.core.joran.spi.Interpreter@51:16 - RuntimeException in Action for tag [appender] java.lang.IllegalStateException: DBAppender cannot function if the JDBC driver does not support getGeneratedKeys method *and* without a specific SQL dialect
	at org.springframework.boot.logging.logback.LogbackLoggingSystem.loadConfiguration(LogbackLoggingSystem.java:162)
	at org.springframework.boot.logging.AbstractLoggingSystem.initializeWithSpecificConfig(AbstractLoggingSystem.java:66)
	at org.springframework.boot.logging.AbstractLoggingSystem.initialize(AbstractLoggingSystem.java:56)
	at org.springframework.boot.logging.logback.LogbackLoggingSystem.initialize(LogbackLoggingSystem.java:115)
	at org.springframework.boot.logging.LoggingApplicationListener.initializeSystem(LoggingApplicationListener.java:308)
	... 14 common frames omitted
2019-02-15 10:01:02.442 [main] INFO  com.mml.MmlServerApplication - Starting MmlServerApplication on DESKTOP-OCE30L6 with PID 19940 (D:\NodejsProject\mml\mml-server\target\classes started by kiven in D:\NodejsProject\mml\mml-server)
2019-02-15 10:01:02.711 [main] INFO  com.mml.MmlServerApplication - No active profile set, falling back to default profiles: default
2019-02-15 10:01:03.025 [main] INFO  o.s.b.c.e.AnnotationConfigEmbeddedWebApplicationContext - Refreshing org.springframework.boot.context.embedded.AnnotationConfigEmbeddedWebApplicationContext@12d2ce03: startup date [Fri Feb 15 10:01:03 CST 2019]; root of context hierarchy
2019-02-15 10:01:04.962 [background-preinit] INFO  org.hibernate.validator.internal.util.Version - HV000001: Hibernate Validator 5.3.6.Final
2019-02-15 10:01:08.259 [main] INFO  o.s.c.s.PostProcessorRegistrationDelegate$BeanPostProcessorChecker - Bean 'org.springframework.ws.config.annotation.DelegatingWsConfiguration' of type [org.springframework.ws.config.annotation.DelegatingWsConfiguration$$EnhancerBySpringCGLIB$$2c872128] is not eligible for getting processed by all BeanPostProcessors (for example: not eligible for auto-proxying)
2019-02-15 10:01:09.356 [main] INFO  o.s.w.s.a.server.AnnotationActionEndpointMapping - Supporting [WS-Addressing August 2004, WS-Addressing 1.0]
2019-02-15 10:01:10.939 [main] INFO  o.s.b.c.e.tomcat.TomcatEmbeddedServletContainer - Tomcat initialized with port(s): 8080 (http)
2019-02-15 10:01:10.998 [main] INFO  org.apache.catalina.core.StandardService - Starting service [Tomcat]
2019-02-15 10:01:11.020 [main] INFO  org.apache.catalina.core.StandardEngine - Starting Servlet Engine: Apache Tomcat/8.5.23
2019-02-15 10:01:11.286 [localhost-startStop-1] INFO  o.a.c.core.ContainerBase.[Tomcat].[localhost].[/] - Initializing Spring embedded WebApplicationContext
2019-02-15 10:01:11.333 [localhost-startStop-1] INFO  org.springframework.web.context.ContextLoader - Root WebApplicationContext: initialization completed in 8308 ms
2019-02-15 10:01:11.824 [localhost-startStop-1] INFO  o.s.boot.web.servlet.FilterRegistrationBean - Mapping filter: 'characterEncodingFilter' to: [/*]
2019-02-15 10:01:11.849 [localhost-startStop-1] INFO  o.s.boot.web.servlet.FilterRegistrationBean - Mapping filter: 'hiddenHttpMethodFilter' to: [/*]
2019-02-15 10:01:11.870 [localhost-startStop-1] INFO  o.s.boot.web.servlet.FilterRegistrationBean - Mapping filter: 'httpPutFormContentFilter' to: [/*]
2019-02-15 10:01:11.894 [localhost-startStop-1] INFO  o.s.boot.web.servlet.FilterRegistrationBean - Mapping filter: 'requestContextFilter' to: [/*]
2019-02-15 10:01:11.910 [localhost-startStop-1] INFO  o.s.boot.web.servlet.FilterRegistrationBean - Mapping filter: 'corsFilter' to: [/*]
2019-02-15 10:01:11.994 [localhost-startStop-1] INFO  o.s.boot.web.servlet.ServletRegistrationBean - Mapping servlet: 'dispatcherServlet' to [/]
2019-02-15 10:01:12.023 [localhost-startStop-1] INFO  o.s.boot.web.servlet.ServletRegistrationBean - Mapping servlet: 'messageDispatcherServlet' to [/services/*]
2019-02-15 10:01:14.726 [main] INFO  o.s.orm.jpa.LocalContainerEntityManagerFactoryBean - Building JPA container EntityManagerFactory for persistence unit 'default'
2019-02-15 10:01:14.791 [main] INFO  org.hibernate.jpa.internal.util.LogHelper - HHH000204: Processing PersistenceUnitInfo [
	name: default
	...]
2019-02-15 10:01:15.010 [main] INFO  org.hibernate.Version - HHH000412: Hibernate Core {5.0.12.Final}
2019-02-15 10:01:15.032 [main] INFO  org.hibernate.cfg.Environment - HHH000206: hibernate.properties not found
2019-02-15 10:01:15.051 [main] INFO  org.hibernate.cfg.Environment - HHH000021: Bytecode provider name : javassist
2019-02-15 10:01:15.263 [main] INFO  org.hibernate.annotations.common.Version - HCANN000001: Hibernate Commons Annotations {5.0.1.Final}
2019-02-15 10:01:15.638 [main] INFO  org.hibernate.dialect.Dialect - HHH000400: Using dialect: org.hibernate.dialect.MySQL5Dialect
2019-02-15 10:01:16.178 [main] WARN  org.hibernate.mapping.RootClass - HHH000038: Composite-id class does not override equals(): com.mml.domain.jpa.LoggingEventException
2019-02-15 10:01:16.196 [main] WARN  org.hibernate.mapping.RootClass - HHH000039: Composite-id class does not override hashCode(): com.mml.domain.jpa.LoggingEventException
2019-02-15 10:01:16.213 [main] WARN  org.hibernate.mapping.RootClass - HHH000038: Composite-id class does not override equals(): com.mml.domain.jpa.LoggingEventProperty
2019-02-15 10:01:16.226 [main] WARN  org.hibernate.mapping.RootClass - HHH000039: Composite-id class does not override hashCode(): com.mml.domain.jpa.LoggingEventProperty
2019-02-15 10:01:17.096 [main] INFO  org.hibernate.tool.hbm2ddl.SchemaUpdate - HHH000228: Running hbm2ddl schema update
2019-02-15 10:01:18.984 [main] INFO  o.s.orm.jpa.LocalContainerEntityManagerFactoryBean - Initialized JPA EntityManagerFactory for persistence unit 'default'
2019-02-15 10:01:20.933 [main] INFO  o.s.w.s.m.m.a.RequestMappingHandlerAdapter - Looking for @ControllerAdvice: org.springframework.boot.context.embedded.AnnotationConfigEmbeddedWebApplicationContext@12d2ce03: startup date [Fri Feb 15 10:01:03 CST 2019]; root of context hierarchy
2019-02-15 10:01:21.176 [main] INFO  o.s.w.s.m.m.a.RequestMappingHandlerMapping - Mapped "{[/app.json/menu],methods=[GET]}" onto public com.mml.domain.TResponse com.mml.controller.AppController.module(javax.servlet.http.HttpServletRequest,javax.servlet.http.HttpServletResponse)
2019-02-15 10:01:21.198 [main] INFO  o.s.w.s.m.m.a.RequestMappingHandlerMapping - Mapped "{[/init.json/component/{method}],methods=[GET]}" onto public com.mml.domain.TResponse com.mml.controller.InitController.component(javax.servlet.http.HttpServletRequest,javax.servlet.http.HttpServletResponse,java.lang.String,java.lang.String)
2019-02-15 10:01:21.219 [main] INFO  o.s.w.s.m.m.a.RequestMappingHandlerMapping - Mapped "{[/init.json/experiment/{method}],methods=[GET]}" onto public com.mml.domain.TResponse com.mml.controller.InitController.experiment(javax.servlet.http.HttpServletRequest,javax.servlet.http.HttpServletResponse,java.lang.String,java.lang.String)
2019-02-15 10:01:21.242 [main] INFO  o.s.w.s.m.m.a.RequestMappingHandlerMapping - Mapped "{[/task.json/norun/loadNode],methods=[POST]}" onto public com.mml.domain.TResponse com.mml.controller.TaskController.getNode(javax.servlet.http.HttpServletRequest,javax.servlet.http.HttpServletResponse,java.lang.String)
2019-02-15 10:01:21.262 [main] INFO  o.s.w.s.m.m.a.RequestMappingHandlerMapping - Mapped "{[/task.json/norun/addNodeLink],methods=[POST]}" onto public com.mml.domain.TResponse com.mml.controller.TaskController.registerNodeLink(javax.servlet.http.HttpServletRequest,javax.servlet.http.HttpServletResponse,java.lang.String,java.lang.String,java.lang.String,java.lang.String,java.lang.String)
2019-02-15 10:01:21.277 [main] INFO  o.s.w.s.m.m.a.RequestMappingHandlerMapping - Mapped "{[/task.json/run/{id}],methods=[POST]}" onto public com.mml.domain.TResponse com.mml.controller.TaskController.Run(javax.servlet.http.HttpServletRequest,javax.servlet.http.HttpServletResponse,java.lang.String)
2019-02-15 10:01:21.300 [main] INFO  o.s.w.s.m.m.a.RequestMappingHandlerMapping - Mapped "{[/task.json/norun/addNode],methods=[POST]}" onto public com.mml.domain.TResponse com.mml.controller.TaskController.registerNode(javax.servlet.http.HttpServletRequest,javax.servlet.http.HttpServletResponse,java.lang.String,java.lang.String,java.lang.String,java.lang.String)
2019-02-15 10:01:21.321 [main] INFO  o.s.w.s.m.m.a.RequestMappingHandlerMapping - Mapped "{[/task.json/norun/{method}],methods=[GET]}" onto public com.mml.domain.TResponse com.mml.controller.TaskController.noRun(javax.servlet.http.HttpServletRequest,javax.servlet.http.HttpServletResponse,java.lang.String,java.lang.String)
2019-02-15 10:01:21.347 [main] INFO  o.s.w.s.m.m.a.RequestMappingHandlerMapping - Mapped "{[/user.json/data/getData],methods=[POST]}" onto public com.mml.domain.TResponse com.mml.controller.UserController.getData(javax.servlet.http.HttpServletRequest,javax.servlet.http.HttpServletResponse,java.lang.String,java.lang.Integer,java.lang.Integer)
2019-02-15 10:01:21.367 [main] INFO  o.s.w.s.m.m.a.RequestMappingHandlerMapping - Mapped "{[/user.json/experiment/addExperiment],methods=[POST]}" onto public com.mml.domain.TResponse com.mml.controller.UserController.registerExperiment(javax.servlet.http.HttpServletRequest,javax.servlet.http.HttpServletResponse,java.lang.String,java.lang.String,java.lang.String,java.lang.String)
2019-02-15 10:01:21.384 [main] INFO  o.s.w.s.m.m.a.RequestMappingHandlerMapping - Mapped "{[/user.json/data/getNodeLineBarData],methods=[POST]}" onto public com.mml.domain.TResponse com.mml.controller.UserController.getNodeLineBarData(javax.servlet.http.HttpServletRequest,javax.servlet.http.HttpServletResponse,java.lang.Integer,java.lang.Integer,java.lang.Integer)
2019-02-15 10:01:21.406 [main] INFO  o.s.w.s.m.m.a.RequestMappingHandlerMapping - Mapped "{[/user.json/user/getUserInformation],methods=[POST]}" onto public com.mml.domain.TResponse com.mml.controller.UserController.getUserInformation(javax.servlet.http.HttpServletRequest,javax.servlet.http.HttpServletResponse,java.lang.String)
2019-02-15 10:01:21.425 [main] INFO  o.s.w.s.m.m.a.RequestMappingHandlerMapping - Mapped "{[/user.json/log/getLogging],methods=[POST]}" onto public com.mml.domain.TResponse com.mml.controller.UserController.getLogging(javax.servlet.http.HttpServletRequest,javax.servlet.http.HttpServletResponse,java.lang.String,java.lang.Integer,java.lang.Integer)
2019-02-15 10:01:21.441 [main] INFO  o.s.w.s.m.m.a.RequestMappingHandlerMapping - Mapped "{[/user.json/data/getNodeRadarData],methods=[POST]}" onto public com.mml.domain.TResponse com.mml.controller.UserController.getNodeRadarData(javax.servlet.http.HttpServletRequest,javax.servlet.http.HttpServletResponse,java.lang.Integer,java.lang.Integer,java.lang.Integer)
2019-02-15 10:01:21.460 [main] INFO  o.s.w.s.m.m.a.RequestMappingHandlerMapping - Mapped "{[/user.json/data/getNodeTableData],methods=[POST]}" onto public com.mml.domain.TResponse com.mml.controller.UserController.getNodeTableData(javax.servlet.http.HttpServletRequest,javax.servlet.http.HttpServletResponse,java.lang.Integer,java.lang.Integer,java.lang.Integer)
2019-02-15 10:01:21.498 [main] INFO  o.s.w.s.m.m.a.RequestMappingHandlerMapping - Mapped "{[/error]}" onto public org.springframework.http.ResponseEntity<java.util.Map<java.lang.String, java.lang.Object>> org.springframework.boot.autoconfigure.web.BasicErrorController.error(javax.servlet.http.HttpServletRequest)
2019-02-15 10:01:21.523 [main] INFO  o.s.w.s.m.m.a.RequestMappingHandlerMapping - Mapped "{[/error],produces=[text/html]}" onto public org.springframework.web.servlet.ModelAndView org.springframework.boot.autoconfigure.web.BasicErrorController.errorHtml(javax.servlet.http.HttpServletRequest,javax.servlet.http.HttpServletResponse)
2019-02-15 10:01:21.669 [main] INFO  o.s.web.servlet.handler.SimpleUrlHandlerMapping - Mapped URL path [/webjars/**] onto handler of type [class org.springframework.web.servlet.resource.ResourceHttpRequestHandler]
2019-02-15 10:01:21.712 [main] INFO  o.s.web.servlet.handler.SimpleUrlHandlerMapping - Mapped URL path [/**] onto handler of type [class org.springframework.web.servlet.resource.ResourceHttpRequestHandler]
2019-02-15 10:01:21.960 [main] INFO  o.s.web.servlet.handler.SimpleUrlHandlerMapping - Mapped URL path [/**/favicon.ico] onto handler of type [class org.springframework.web.servlet.resource.ResourceHttpRequestHandler]
2019-02-15 10:01:22.928 [main] INFO  o.s.jmx.export.annotation.AnnotationMBeanExporter - Registering beans for JMX exposure on startup
2019-02-15 10:01:22.995 [main] INFO  org.apache.coyote.http11.Http11NioProtocol - Initializing ProtocolHandler ["http-nio-8080"]
2019-02-15 10:01:23.074 [main] INFO  org.apache.coyote.http11.Http11NioProtocol - Starting ProtocolHandler ["http-nio-8080"]
2019-02-15 10:01:23.177 [main] ERROR org.apache.coyote.http11.Http11NioProtocol - Failed to start end point associated with ProtocolHandler ["http-nio-8080"]
java.net.BindException: Address already in use: bind
	at sun.nio.ch.Net.bind0(Native Method)
	at sun.nio.ch.Net.bind(Net.java:436)
	at sun.nio.ch.Net.bind(Net.java:428)
	at sun.nio.ch.ServerSocketChannelImpl.bind(ServerSocketChannelImpl.java:214)
	at sun.nio.ch.ServerSocketAdaptor.bind(ServerSocketAdaptor.java:74)
	at org.apache.tomcat.util.net.NioEndpoint.bind(NioEndpoint.java:210)
	at org.apache.tomcat.util.net.AbstractEndpoint.start(AbstractEndpoint.java:990)
	at org.apache.coyote.AbstractProtocol.start(AbstractProtocol.java:635)
	at org.apache.catalina.connector.Connector.startInternal(Connector.java:1022)
	at org.apache.catalina.util.LifecycleBase.start(LifecycleBase.java:150)
	at org.apache.catalina.core.StandardService.addConnector(StandardService.java:225)
	at org.springframework.boot.context.embedded.tomcat.TomcatEmbeddedServletContainer.addPreviouslyRemovedConnectors(TomcatEmbeddedServletContainer.java:250)
	at org.springframework.boot.context.embedded.tomcat.TomcatEmbeddedServletContainer.start(TomcatEmbeddedServletContainer.java:193)
	at org.springframework.boot.context.embedded.EmbeddedWebApplicationContext.startEmbeddedServletContainer(EmbeddedWebApplicationContext.java:297)
	at org.springframework.boot.context.embedded.EmbeddedWebApplicationContext.finishRefresh(EmbeddedWebApplicationContext.java:145)
	at org.springframework.context.support.AbstractApplicationContext.refresh(AbstractApplicationContext.java:546)
	at org.springframework.boot.context.embedded.EmbeddedWebApplicationContext.refresh(EmbeddedWebApplicationContext.java:122)
	at org.springframework.boot.SpringApplication.refresh(SpringApplication.java:693)
	at org.springframework.boot.SpringApplication.refreshContext(SpringApplication.java:360)
	at org.springframework.boot.SpringApplication.run(SpringApplication.java:303)
	at org.springframework.boot.SpringApplication.run(SpringApplication.java:1118)
	at org.springframework.boot.SpringApplication.run(SpringApplication.java:1107)
	at com.mml.MmlServerApplication.main(MmlServerApplication.java:8)
2019-02-15 10:01:23.245 [main] ERROR org.apache.catalina.core.StandardService - Failed to start connector [Connector[HTTP/1.1-8080]]
org.apache.catalina.LifecycleException: Failed to start component [Connector[HTTP/1.1-8080]]
	at org.apache.catalina.util.LifecycleBase.start(LifecycleBase.java:167)
	at org.apache.catalina.core.StandardService.addConnector(StandardService.java:225)
	at org.springframework.boot.context.embedded.tomcat.TomcatEmbeddedServletContainer.addPreviouslyRemovedConnectors(TomcatEmbeddedServletContainer.java:250)
	at org.springframework.boot.context.embedded.tomcat.TomcatEmbeddedServletContainer.start(TomcatEmbeddedServletContainer.java:193)
	at org.springframework.boot.context.embedded.EmbeddedWebApplicationContext.startEmbeddedServletContainer(EmbeddedWebApplicationContext.java:297)
	at org.springframework.boot.context.embedded.EmbeddedWebApplicationContext.finishRefresh(EmbeddedWebApplicationContext.java:145)
	at org.springframework.context.support.AbstractApplicationContext.refresh(AbstractApplicationContext.java:546)
	at org.springframework.boot.context.embedded.EmbeddedWebApplicationContext.refresh(EmbeddedWebApplicationContext.java:122)
	at org.springframework.boot.SpringApplication.refresh(SpringApplication.java:693)
	at org.springframework.boot.SpringApplication.refreshContext(SpringApplication.java:360)
	at org.springframework.boot.SpringApplication.run(SpringApplication.java:303)
	at org.springframework.boot.SpringApplication.run(SpringApplication.java:1118)
	at org.springframework.boot.SpringApplication.run(SpringApplication.java:1107)
	at com.mml.MmlServerApplication.main(MmlServerApplication.java:8)
Caused by: org.apache.catalina.LifecycleException: service.getName(): "Tomcat";  Protocol handler start failed
	at org.apache.catalina.connector.Connector.startInternal(Connector.java:1031)
	at org.apache.catalina.util.LifecycleBase.start(LifecycleBase.java:150)
	... 13 common frames omitted
Caused by: java.net.BindException: Address already in use: bind
	at sun.nio.ch.Net.bind0(Native Method)
	at sun.nio.ch.Net.bind(Net.java:436)
	at sun.nio.ch.Net.bind(Net.java:428)
	at sun.nio.ch.ServerSocketChannelImpl.bind(ServerSocketChannelImpl.java:214)
	at sun.nio.ch.ServerSocketAdaptor.bind(ServerSocketAdaptor.java:74)
	at org.apache.tomcat.util.net.NioEndpoint.bind(NioEndpoint.java:210)
	at org.apache.tomcat.util.net.AbstractEndpoint.start(AbstractEndpoint.java:990)
	at org.apache.coyote.AbstractProtocol.start(AbstractProtocol.java:635)
	at org.apache.catalina.connector.Connector.startInternal(Connector.java:1022)
	... 14 common frames omitted
2019-02-15 10:01:23.368 [main] INFO  org.apache.coyote.http11.Http11NioProtocol - Pausing ProtocolHandler ["http-nio-8080"]
2019-02-15 10:01:23.391 [main] INFO  org.apache.catalina.core.StandardService - Stopping service [Tomcat]
2019-02-15 10:01:23.460 [main] INFO  org.apache.catalina.util.LifecycleBase - The stop() method was called on component [StandardServer[-1]] after stop() had already been called. The second call will be ignored.
2019-02-15 10:01:23.480 [main] INFO  org.apache.coyote.http11.Http11NioProtocol - Stopping ProtocolHandler ["http-nio-8080"]
2019-02-15 10:01:23.502 [main] INFO  org.apache.coyote.http11.Http11NioProtocol - Destroying ProtocolHandler ["http-nio-8080"]
2019-02-15 10:01:23.531 [main] INFO  o.s.b.a.l.AutoConfigurationReportLoggingInitializer - 

Error starting ApplicationContext. To display the auto-configuration report re-run your application with 'debug' enabled.
2019-02-15 10:01:23.561 [main] ERROR o.s.b.diagnostics.LoggingFailureAnalysisReporter - 

***************************
APPLICATION FAILED TO START
***************************

Description:

The Tomcat connector configured to listen on port 8080 failed to start. The port may already be in use or the connector may be misconfigured.

Action:

Verify the connector's configuration, identify and stop any process that's listening on port 8080, or configure this application to listen on another port.

2019-02-15 10:01:23.581 [main] INFO  o.s.b.c.e.AnnotationConfigEmbeddedWebApplicationContext - Closing org.springframework.boot.context.embedded.AnnotationConfigEmbeddedWebApplicationContext@12d2ce03: startup date [Fri Feb 15 10:01:03 CST 2019]; root of context hierarchy
2019-02-15 10:01:23.597 [main] INFO  o.s.jmx.export.annotation.AnnotationMBeanExporter - Unregistering JMX-exposed beans on shutdown
2019-02-15 10:01:23.632 [main] INFO  o.s.orm.jpa.LocalContainerEntityManagerFactoryBean - Closing JPA EntityManagerFactory for persistence unit 'default'
2019-02-15 10:02:49.340 [main] INFO  com.mml.MmlServerApplication - Starting MmlServerApplication on DESKTOP-OCE30L6 with PID 8616 (D:\NodejsProject\mml\mml-server\target\classes started by kiven in D:\NodejsProject\mml\mml-server)
2019-02-15 10:02:49.401 [main] INFO  com.mml.MmlServerApplication - No active profile set, falling back to default profiles: default
2019-02-15 10:02:49.644 [main] INFO  o.s.b.c.e.AnnotationConfigEmbeddedWebApplicationContext - Refreshing org.springframework.boot.context.embedded.AnnotationConfigEmbeddedWebApplicationContext@12d2ce03: startup date [Fri Feb 15 10:02:49 CST 2019]; root of context hierarchy
2019-02-15 10:02:49.987 [background-preinit] INFO  org.hibernate.validator.internal.util.Version - HV000001: Hibernate Validator 5.3.6.Final
2019-02-15 10:02:52.656 [main] INFO  o.s.c.s.PostProcessorRegistrationDelegate$BeanPostProcessorChecker - Bean 'org.springframework.ws.config.annotation.DelegatingWsConfiguration' of type [org.springframework.ws.config.annotation.DelegatingWsConfiguration$$EnhancerBySpringCGLIB$$134acc98] is not eligible for getting processed by all BeanPostProcessors (for example: not eligible for auto-proxying)
2019-02-15 10:02:52.743 [main] INFO  o.s.w.s.a.server.AnnotationActionEndpointMapping - Supporting [WS-Addressing August 2004, WS-Addressing 1.0]
2019-02-15 10:02:53.807 [main] INFO  o.s.b.c.e.tomcat.TomcatEmbeddedServletContainer - Tomcat initialized with port(s): 8080 (http)
2019-02-15 10:02:53.842 [main] INFO  org.apache.catalina.core.StandardService - Starting service [Tomcat]
2019-02-15 10:02:53.865 [main] INFO  org.apache.catalina.core.StandardEngine - Starting Servlet Engine: Apache Tomcat/8.5.23
2019-02-15 10:02:54.149 [localhost-startStop-1] INFO  o.a.c.core.ContainerBase.[Tomcat].[localhost].[/] - Initializing Spring embedded WebApplicationContext
2019-02-15 10:02:54.169 [localhost-startStop-1] INFO  org.springframework.web.context.ContextLoader - Root WebApplicationContext: initialization completed in 4525 ms
2019-02-15 10:02:54.582 [localhost-startStop-1] INFO  o.s.boot.web.servlet.FilterRegistrationBean - Mapping filter: 'characterEncodingFilter' to: [/*]
2019-02-15 10:02:54.605 [localhost-startStop-1] INFO  o.s.boot.web.servlet.FilterRegistrationBean - Mapping filter: 'hiddenHttpMethodFilter' to: [/*]
2019-02-15 10:02:54.620 [localhost-startStop-1] INFO  o.s.boot.web.servlet.FilterRegistrationBean - Mapping filter: 'httpPutFormContentFilter' to: [/*]
2019-02-15 10:02:54.636 [localhost-startStop-1] INFO  o.s.boot.web.servlet.FilterRegistrationBean - Mapping filter: 'requestContextFilter' to: [/*]
2019-02-15 10:02:54.653 [localhost-startStop-1] INFO  o.s.boot.web.servlet.FilterRegistrationBean - Mapping filter: 'corsFilter' to: [/*]
2019-02-15 10:02:54.674 [localhost-startStop-1] INFO  o.s.boot.web.servlet.ServletRegistrationBean - Mapping servlet: 'dispatcherServlet' to [/]
2019-02-15 10:02:54.727 [localhost-startStop-1] INFO  o.s.boot.web.servlet.ServletRegistrationBean - Mapping servlet: 'messageDispatcherServlet' to [/services/*]
2019-02-15 10:02:57.162 [main] INFO  o.s.orm.jpa.LocalContainerEntityManagerFactoryBean - Building JPA container EntityManagerFactory for persistence unit 'default'
2019-02-15 10:02:57.201 [main] INFO  org.hibernate.jpa.internal.util.LogHelper - HHH000204: Processing PersistenceUnitInfo [
	name: default
	...]
2019-02-15 10:02:57.341 [main] INFO  org.hibernate.Version - HHH000412: Hibernate Core {5.0.12.Final}
2019-02-15 10:02:57.377 [main] INFO  org.hibernate.cfg.Environment - HHH000206: hibernate.properties not found
2019-02-15 10:02:57.394 [main] INFO  org.hibernate.cfg.Environment - HHH000021: Bytecode provider name : javassist
2019-02-15 10:02:57.488 [main] INFO  org.hibernate.annotations.common.Version - HCANN000001: Hibernate Commons Annotations {5.0.1.Final}
2019-02-15 10:02:57.754 [main] INFO  org.hibernate.dialect.Dialect - HHH000400: Using dialect: org.hibernate.dialect.MySQL5Dialect
2019-02-15 10:02:58.283 [main] WARN  org.hibernate.mapping.RootClass - HHH000038: Composite-id class does not override equals(): com.mml.domain.jpa.LoggingEventException
2019-02-15 10:02:58.298 [main] WARN  org.hibernate.mapping.RootClass - HHH000039: Composite-id class does not override hashCode(): com.mml.domain.jpa.LoggingEventException
2019-02-15 10:02:58.313 [main] WARN  org.hibernate.mapping.RootClass - HHH000038: Composite-id class does not override equals(): com.mml.domain.jpa.LoggingEventProperty
2019-02-15 10:02:58.327 [main] WARN  org.hibernate.mapping.RootClass - HHH000039: Composite-id class does not override hashCode(): com.mml.domain.jpa.LoggingEventProperty
2019-02-15 10:02:59.098 [main] INFO  org.hibernate.tool.hbm2ddl.SchemaUpdate - HHH000228: Running hbm2ddl schema update
2019-02-15 10:03:00.666 [main] INFO  o.s.orm.jpa.LocalContainerEntityManagerFactoryBean - Initialized JPA EntityManagerFactory for persistence unit 'default'
2019-02-15 10:03:02.376 [main] INFO  o.s.w.s.m.m.a.RequestMappingHandlerAdapter - Looking for @ControllerAdvice: org.springframework.boot.context.embedded.AnnotationConfigEmbeddedWebApplicationContext@12d2ce03: startup date [Fri Feb 15 10:02:49 CST 2019]; root of context hierarchy
2019-02-15 10:03:02.567 [main] INFO  o.s.w.s.m.m.a.RequestMappingHandlerMapping - Mapped "{[/app.json/menu],methods=[GET]}" onto public com.mml.domain.TResponse com.mml.controller.AppController.module(javax.servlet.http.HttpServletRequest,javax.servlet.http.HttpServletResponse)
2019-02-15 10:03:02.585 [main] INFO  o.s.w.s.m.m.a.RequestMappingHandlerMapping - Mapped "{[/init.json/component/{method}],methods=[GET]}" onto public com.mml.domain.TResponse com.mml.controller.InitController.component(javax.servlet.http.HttpServletRequest,javax.servlet.http.HttpServletResponse,java.lang.String,java.lang.String)
2019-02-15 10:03:02.599 [main] INFO  o.s.w.s.m.m.a.RequestMappingHandlerMapping - Mapped "{[/init.json/experiment/{method}],methods=[GET]}" onto public com.mml.domain.TResponse com.mml.controller.InitController.experiment(javax.servlet.http.HttpServletRequest,javax.servlet.http.HttpServletResponse,java.lang.String,java.lang.String)
2019-02-15 10:03:02.618 [main] INFO  o.s.w.s.m.m.a.RequestMappingHandlerMapping - Mapped "{[/task.json/norun/loadNode],methods=[POST]}" onto public com.mml.domain.TResponse com.mml.controller.TaskController.getNode(javax.servlet.http.HttpServletRequest,javax.servlet.http.HttpServletResponse,java.lang.String)
2019-02-15 10:03:02.636 [main] INFO  o.s.w.s.m.m.a.RequestMappingHandlerMapping - Mapped "{[/task.json/norun/{method}],methods=[GET]}" onto public com.mml.domain.TResponse com.mml.controller.TaskController.noRun(javax.servlet.http.HttpServletRequest,javax.servlet.http.HttpServletResponse,java.lang.String,java.lang.String)
2019-02-15 10:03:02.651 [main] INFO  o.s.w.s.m.m.a.RequestMappingHandlerMapping - Mapped "{[/task.json/run/{id}],methods=[POST]}" onto public com.mml.domain.TResponse com.mml.controller.TaskController.Run(javax.servlet.http.HttpServletRequest,javax.servlet.http.HttpServletResponse,java.lang.String)
2019-02-15 10:03:02.665 [main] INFO  o.s.w.s.m.m.a.RequestMappingHandlerMapping - Mapped "{[/task.json/norun/addNode],methods=[POST]}" onto public com.mml.domain.TResponse com.mml.controller.TaskController.registerNode(javax.servlet.http.HttpServletRequest,javax.servlet.http.HttpServletResponse,java.lang.String,java.lang.String,java.lang.String,java.lang.String)
2019-02-15 10:03:02.684 [main] INFO  o.s.w.s.m.m.a.RequestMappingHandlerMapping - Mapped "{[/task.json/norun/addNodeLink],methods=[POST]}" onto public com.mml.domain.TResponse com.mml.controller.TaskController.registerNodeLink(javax.servlet.http.HttpServletRequest,javax.servlet.http.HttpServletResponse,java.lang.String,java.lang.String,java.lang.String,java.lang.String,java.lang.String)
2019-02-15 10:03:02.717 [main] INFO  o.s.w.s.m.m.a.RequestMappingHandlerMapping - Mapped "{[/user.json/data/getData],methods=[POST]}" onto public com.mml.domain.TResponse com.mml.controller.UserController.getData(javax.servlet.http.HttpServletRequest,javax.servlet.http.HttpServletResponse,java.lang.String,java.lang.Integer,java.lang.Integer)
2019-02-15 10:03:02.734 [main] INFO  o.s.w.s.m.m.a.RequestMappingHandlerMapping - Mapped "{[/user.json/data/getNodeLineBarData],methods=[POST]}" onto public com.mml.domain.TResponse com.mml.controller.UserController.getNodeLineBarData(javax.servlet.http.HttpServletRequest,javax.servlet.http.HttpServletResponse,java.lang.Integer,java.lang.Integer,java.lang.Integer)
2019-02-15 10:03:02.749 [main] INFO  o.s.w.s.m.m.a.RequestMappingHandlerMapping - Mapped "{[/user.json/user/getUserInformation],methods=[POST]}" onto public com.mml.domain.TResponse com.mml.controller.UserController.getUserInformation(javax.servlet.http.HttpServletRequest,javax.servlet.http.HttpServletResponse,java.lang.String)
2019-02-15 10:03:02.765 [main] INFO  o.s.w.s.m.m.a.RequestMappingHandlerMapping - Mapped "{[/user.json/experiment/addExperiment],methods=[POST]}" onto public com.mml.domain.TResponse com.mml.controller.UserController.registerExperiment(javax.servlet.http.HttpServletRequest,javax.servlet.http.HttpServletResponse,java.lang.String,java.lang.String,java.lang.String,java.lang.String)
2019-02-15 10:03:02.782 [main] INFO  o.s.w.s.m.m.a.RequestMappingHandlerMapping - Mapped "{[/user.json/data/getNodeRadarData],methods=[POST]}" onto public com.mml.domain.TResponse com.mml.controller.UserController.getNodeRadarData(javax.servlet.http.HttpServletRequest,javax.servlet.http.HttpServletResponse,java.lang.Integer,java.lang.Integer,java.lang.Integer)
2019-02-15 10:03:02.799 [main] INFO  o.s.w.s.m.m.a.RequestMappingHandlerMapping - Mapped "{[/user.json/data/getNodeTableData],methods=[POST]}" onto public com.mml.domain.TResponse com.mml.controller.UserController.getNodeTableData(javax.servlet.http.HttpServletRequest,javax.servlet.http.HttpServletResponse,java.lang.Integer,java.lang.Integer,java.lang.Integer)
2019-02-15 10:03:02.834 [main] INFO  o.s.w.s.m.m.a.RequestMappingHandlerMapping - Mapped "{[/user.json/log/getLogging],methods=[POST]}" onto public com.mml.domain.TResponse com.mml.controller.UserController.getLogging(javax.servlet.http.HttpServletRequest,javax.servlet.http.HttpServletResponse,java.lang.String,java.lang.Integer,java.lang.Integer)
2019-02-15 10:03:02.863 [main] INFO  o.s.w.s.m.m.a.RequestMappingHandlerMapping - Mapped "{[/error]}" onto public org.springframework.http.ResponseEntity<java.util.Map<java.lang.String, java.lang.Object>> org.springframework.boot.autoconfigure.web.BasicErrorController.error(javax.servlet.http.HttpServletRequest)
2019-02-15 10:03:02.880 [main] INFO  o.s.w.s.m.m.a.RequestMappingHandlerMapping - Mapped "{[/error],produces=[text/html]}" onto public org.springframework.web.servlet.ModelAndView org.springframework.boot.autoconfigure.web.BasicErrorController.errorHtml(javax.servlet.http.HttpServletRequest,javax.servlet.http.HttpServletResponse)
2019-02-15 10:03:03.035 [main] INFO  o.s.web.servlet.handler.SimpleUrlHandlerMapping - Mapped URL path [/webjars/**] onto handler of type [class org.springframework.web.servlet.resource.ResourceHttpRequestHandler]
2019-02-15 10:03:03.052 [main] INFO  o.s.web.servlet.handler.SimpleUrlHandlerMapping - Mapped URL path [/**] onto handler of type [class org.springframework.web.servlet.resource.ResourceHttpRequestHandler]
2019-02-15 10:03:03.163 [main] INFO  o.s.web.servlet.handler.SimpleUrlHandlerMapping - Mapped URL path [/**/favicon.ico] onto handler of type [class org.springframework.web.servlet.resource.ResourceHttpRequestHandler]
2019-02-15 10:03:03.989 [main] INFO  o.s.jmx.export.annotation.AnnotationMBeanExporter - Registering beans for JMX exposure on startup
2019-02-15 10:03:04.026 [main] INFO  org.apache.coyote.http11.Http11NioProtocol - Initializing ProtocolHandler ["http-nio-8080"]
2019-02-15 10:03:04.063 [main] INFO  org.apache.coyote.http11.Http11NioProtocol - Starting ProtocolHandler ["http-nio-8080"]
2019-02-15 10:03:04.087 [main] ERROR org.apache.coyote.http11.Http11NioProtocol - Failed to start end point associated with ProtocolHandler ["http-nio-8080"]
java.net.BindException: Address already in use: bind
	at sun.nio.ch.Net.bind0(Native Method)
	at sun.nio.ch.Net.bind(Net.java:436)
	at sun.nio.ch.Net.bind(Net.java:428)
	at sun.nio.ch.ServerSocketChannelImpl.bind(ServerSocketChannelImpl.java:214)
	at sun.nio.ch.ServerSocketAdaptor.bind(ServerSocketAdaptor.java:74)
	at org.apache.tomcat.util.net.NioEndpoint.bind(NioEndpoint.java:210)
	at org.apache.tomcat.util.net.AbstractEndpoint.start(AbstractEndpoint.java:990)
	at org.apache.coyote.AbstractProtocol.start(AbstractProtocol.java:635)
	at org.apache.catalina.connector.Connector.startInternal(Connector.java:1022)
	at org.apache.catalina.util.LifecycleBase.start(LifecycleBase.java:150)
	at org.apache.catalina.core.StandardService.addConnector(StandardService.java:225)
	at org.springframework.boot.context.embedded.tomcat.TomcatEmbeddedServletContainer.addPreviouslyRemovedConnectors(TomcatEmbeddedServletContainer.java:250)
	at org.springframework.boot.context.embedded.tomcat.TomcatEmbeddedServletContainer.start(TomcatEmbeddedServletContainer.java:193)
	at org.springframework.boot.context.embedded.EmbeddedWebApplicationContext.startEmbeddedServletContainer(EmbeddedWebApplicationContext.java:297)
	at org.springframework.boot.context.embedded.EmbeddedWebApplicationContext.finishRefresh(EmbeddedWebApplicationContext.java:145)
	at org.springframework.context.support.AbstractApplicationContext.refresh(AbstractApplicationContext.java:546)
	at org.springframework.boot.context.embedded.EmbeddedWebApplicationContext.refresh(EmbeddedWebApplicationContext.java:122)
	at org.springframework.boot.SpringApplication.refresh(SpringApplication.java:693)
	at org.springframework.boot.SpringApplication.refreshContext(SpringApplication.java:360)
	at org.springframework.boot.SpringApplication.run(SpringApplication.java:303)
	at org.springframework.boot.SpringApplication.run(SpringApplication.java:1118)
	at org.springframework.boot.SpringApplication.run(SpringApplication.java:1107)
	at com.mml.MmlServerApplication.main(MmlServerApplication.java:8)
2019-02-15 10:03:04.157 [main] ERROR org.apache.catalina.core.StandardService - Failed to start connector [Connector[HTTP/1.1-8080]]
org.apache.catalina.LifecycleException: Failed to start component [Connector[HTTP/1.1-8080]]
	at org.apache.catalina.util.LifecycleBase.start(LifecycleBase.java:167)
	at org.apache.catalina.core.StandardService.addConnector(StandardService.java:225)
	at org.springframework.boot.context.embedded.tomcat.TomcatEmbeddedServletContainer.addPreviouslyRemovedConnectors(TomcatEmbeddedServletContainer.java:250)
	at org.springframework.boot.context.embedded.tomcat.TomcatEmbeddedServletContainer.start(TomcatEmbeddedServletContainer.java:193)
	at org.springframework.boot.context.embedded.EmbeddedWebApplicationContext.startEmbeddedServletContainer(EmbeddedWebApplicationContext.java:297)
	at org.springframework.boot.context.embedded.EmbeddedWebApplicationContext.finishRefresh(EmbeddedWebApplicationContext.java:145)
	at org.springframework.context.support.AbstractApplicationContext.refresh(AbstractApplicationContext.java:546)
	at org.springframework.boot.context.embedded.EmbeddedWebApplicationContext.refresh(EmbeddedWebApplicationContext.java:122)
	at org.springframework.boot.SpringApplication.refresh(SpringApplication.java:693)
	at org.springframework.boot.SpringApplication.refreshContext(SpringApplication.java:360)
	at org.springframework.boot.SpringApplication.run(SpringApplication.java:303)
	at org.springframework.boot.SpringApplication.run(SpringApplication.java:1118)
	at org.springframework.boot.SpringApplication.run(SpringApplication.java:1107)
	at com.mml.MmlServerApplication.main(MmlServerApplication.java:8)
Caused by: org.apache.catalina.LifecycleException: service.getName(): "Tomcat";  Protocol handler start failed
	at org.apache.catalina.connector.Connector.startInternal(Connector.java:1031)
	at org.apache.catalina.util.LifecycleBase.start(LifecycleBase.java:150)
	... 13 common frames omitted
Caused by: java.net.BindException: Address already in use: bind
	at sun.nio.ch.Net.bind0(Native Method)
	at sun.nio.ch.Net.bind(Net.java:436)
	at sun.nio.ch.Net.bind(Net.java:428)
	at sun.nio.ch.ServerSocketChannelImpl.bind(ServerSocketChannelImpl.java:214)
	at sun.nio.ch.ServerSocketAdaptor.bind(ServerSocketAdaptor.java:74)
	at org.apache.tomcat.util.net.NioEndpoint.bind(NioEndpoint.java:210)
	at org.apache.tomcat.util.net.AbstractEndpoint.start(AbstractEndpoint.java:990)
	at org.apache.coyote.AbstractProtocol.start(AbstractProtocol.java:635)
	at org.apache.catalina.connector.Connector.startInternal(Connector.java:1022)
	... 14 common frames omitted
2019-02-15 10:03:04.290 [main] INFO  org.apache.coyote.http11.Http11NioProtocol - Pausing ProtocolHandler ["http-nio-8080"]
2019-02-15 10:03:04.311 [main] INFO  org.apache.catalina.core.StandardService - Stopping service [Tomcat]
2019-02-15 10:03:04.357 [main] INFO  org.apache.catalina.util.LifecycleBase - The stop() method was called on component [StandardServer[-1]] after stop() had already been called. The second call will be ignored.
2019-02-15 10:03:04.383 [main] INFO  org.apache.coyote.http11.Http11NioProtocol - Stopping ProtocolHandler ["http-nio-8080"]
2019-02-15 10:03:04.412 [main] INFO  org.apache.coyote.http11.Http11NioProtocol - Destroying ProtocolHandler ["http-nio-8080"]
2019-02-15 10:03:04.451 [main] INFO  o.s.b.a.l.AutoConfigurationReportLoggingInitializer - 

Error starting ApplicationContext. To display the auto-configuration report re-run your application with 'debug' enabled.
2019-02-15 10:03:04.517 [main] ERROR o.s.b.diagnostics.LoggingFailureAnalysisReporter - 

***************************
APPLICATION FAILED TO START
***************************

Description:

The Tomcat connector configured to listen on port 8080 failed to start. The port may already be in use or the connector may be misconfigured.

Action:

Verify the connector's configuration, identify and stop any process that's listening on port 8080, or configure this application to listen on another port.

2019-02-15 10:03:04.537 [main] INFO  o.s.b.c.e.AnnotationConfigEmbeddedWebApplicationContext - Closing org.springframework.boot.context.embedded.AnnotationConfigEmbeddedWebApplicationContext@12d2ce03: startup date [Fri Feb 15 10:02:49 CST 2019]; root of context hierarchy
2019-02-15 10:03:04.555 [main] INFO  o.s.jmx.export.annotation.AnnotationMBeanExporter - Unregistering JMX-exposed beans on shutdown
2019-02-15 10:03:04.573 [main] INFO  o.s.orm.jpa.LocalContainerEntityManagerFactoryBean - Closing JPA EntityManagerFactory for persistence unit 'default'
2019-02-15 10:05:42.931 [main] INFO  com.mml.MmlServerApplication - Starting MmlServerApplication on DESKTOP-OCE30L6 with PID 15172 (D:\NodejsProject\mml\mml-server\target\classes started by kiven in D:\NodejsProject\mml\mml-server)
2019-02-15 10:05:43.000 [main] INFO  com.mml.MmlServerApplication - No active profile set, falling back to default profiles: default
2019-02-15 10:05:43.152 [main] INFO  o.s.b.c.e.AnnotationConfigEmbeddedWebApplicationContext - Refreshing org.springframework.boot.context.embedded.AnnotationConfigEmbeddedWebApplicationContext@12d2ce03: startup date [Fri Feb 15 10:05:43 CST 2019]; root of context hierarchy
2019-02-15 10:05:43.638 [background-preinit] INFO  org.hibernate.validator.internal.util.Version - HV000001: Hibernate Validator 5.3.6.Final
2019-02-15 10:05:45.909 [main] INFO  o.s.c.s.PostProcessorRegistrationDelegate$BeanPostProcessorChecker - Bean 'org.springframework.ws.config.annotation.DelegatingWsConfiguration' of type [org.springframework.ws.config.annotation.DelegatingWsConfiguration$$EnhancerBySpringCGLIB$$16706ec9] is not eligible for getting processed by all BeanPostProcessors (for example: not eligible for auto-proxying)
2019-02-15 10:05:46.023 [main] INFO  o.s.w.s.a.server.AnnotationActionEndpointMapping - Supporting [WS-Addressing August 2004, WS-Addressing 1.0]
2019-02-15 10:05:47.057 [main] INFO  o.s.b.c.e.tomcat.TomcatEmbeddedServletContainer - Tomcat initialized with port(s): 8080 (http)
2019-02-15 10:05:47.096 [main] INFO  org.apache.catalina.core.StandardService - Starting service [Tomcat]
2019-02-15 10:05:47.118 [main] INFO  org.apache.catalina.core.StandardEngine - Starting Servlet Engine: Apache Tomcat/8.5.23
2019-02-15 10:05:47.378 [localhost-startStop-1] INFO  o.a.c.core.ContainerBase.[Tomcat].[localhost].[/] - Initializing Spring embedded WebApplicationContext
2019-02-15 10:05:47.425 [localhost-startStop-1] INFO  org.springframework.web.context.ContextLoader - Root WebApplicationContext: initialization completed in 4273 ms
2019-02-15 10:05:47.803 [localhost-startStop-1] INFO  o.s.boot.web.servlet.FilterRegistrationBean - Mapping filter: 'characterEncodingFilter' to: [/*]
2019-02-15 10:05:47.823 [localhost-startStop-1] INFO  o.s.boot.web.servlet.FilterRegistrationBean - Mapping filter: 'hiddenHttpMethodFilter' to: [/*]
2019-02-15 10:05:47.887 [localhost-startStop-1] INFO  o.s.boot.web.servlet.FilterRegistrationBean - Mapping filter: 'httpPutFormContentFilter' to: [/*]
2019-02-15 10:05:47.907 [localhost-startStop-1] INFO  o.s.boot.web.servlet.FilterRegistrationBean - Mapping filter: 'requestContextFilter' to: [/*]
2019-02-15 10:05:47.925 [localhost-startStop-1] INFO  o.s.boot.web.servlet.FilterRegistrationBean - Mapping filter: 'corsFilter' to: [/*]
2019-02-15 10:05:47.942 [localhost-startStop-1] INFO  o.s.boot.web.servlet.ServletRegistrationBean - Mapping servlet: 'dispatcherServlet' to [/]
2019-02-15 10:05:47.963 [localhost-startStop-1] INFO  o.s.boot.web.servlet.ServletRegistrationBean - Mapping servlet: 'messageDispatcherServlet' to [/services/*]
2019-02-15 10:05:49.898 [main] INFO  o.s.orm.jpa.LocalContainerEntityManagerFactoryBean - Building JPA container EntityManagerFactory for persistence unit 'default'
2019-02-15 10:05:49.944 [main] INFO  org.hibernate.jpa.internal.util.LogHelper - HHH000204: Processing PersistenceUnitInfo [
	name: default
	...]
2019-02-15 10:05:50.110 [main] INFO  org.hibernate.Version - HHH000412: Hibernate Core {5.0.12.Final}
2019-02-15 10:05:50.160 [main] INFO  org.hibernate.cfg.Environment - HHH000206: hibernate.properties not found
2019-02-15 10:05:50.185 [main] INFO  org.hibernate.cfg.Environment - HHH000021: Bytecode provider name : javassist
2019-02-15 10:05:50.347 [main] INFO  org.hibernate.annotations.common.Version - HCANN000001: Hibernate Commons Annotations {5.0.1.Final}
2019-02-15 10:05:50.615 [main] INFO  org.hibernate.dialect.Dialect - HHH000400: Using dialect: org.hibernate.dialect.MySQL5Dialect
2019-02-15 10:05:51.115 [main] WARN  org.hibernate.mapping.RootClass - HHH000038: Composite-id class does not override equals(): com.mml.domain.jpa.LoggingEventException
2019-02-15 10:05:51.131 [main] WARN  org.hibernate.mapping.RootClass - HHH000039: Composite-id class does not override hashCode(): com.mml.domain.jpa.LoggingEventException
2019-02-15 10:05:51.146 [main] WARN  org.hibernate.mapping.RootClass - HHH000038: Composite-id class does not override equals(): com.mml.domain.jpa.LoggingEventProperty
2019-02-15 10:05:51.160 [main] WARN  org.hibernate.mapping.RootClass - HHH000039: Composite-id class does not override hashCode(): com.mml.domain.jpa.LoggingEventProperty
2019-02-15 10:05:52.249 [main] INFO  org.hibernate.tool.hbm2ddl.SchemaUpdate - HHH000228: Running hbm2ddl schema update
2019-02-15 10:05:53.777 [main] INFO  o.s.orm.jpa.LocalContainerEntityManagerFactoryBean - Initialized JPA EntityManagerFactory for persistence unit 'default'
2019-02-15 10:05:55.513 [main] INFO  o.s.w.s.m.m.a.RequestMappingHandlerAdapter - Looking for @ControllerAdvice: org.springframework.boot.context.embedded.AnnotationConfigEmbeddedWebApplicationContext@12d2ce03: startup date [Fri Feb 15 10:05:43 CST 2019]; root of context hierarchy
2019-02-15 10:05:55.706 [main] INFO  o.s.w.s.m.m.a.RequestMappingHandlerMapping - Mapped "{[/app.json/menu],methods=[GET]}" onto public com.mml.domain.TResponse com.mml.controller.AppController.module(javax.servlet.http.HttpServletRequest,javax.servlet.http.HttpServletResponse)
2019-02-15 10:05:55.727 [main] INFO  o.s.w.s.m.m.a.RequestMappingHandlerMapping - Mapped "{[/init.json/component/{method}],methods=[GET]}" onto public com.mml.domain.TResponse com.mml.controller.InitController.component(javax.servlet.http.HttpServletRequest,javax.servlet.http.HttpServletResponse,java.lang.String,java.lang.String)
2019-02-15 10:05:55.743 [main] INFO  o.s.w.s.m.m.a.RequestMappingHandlerMapping - Mapped "{[/init.json/experiment/{method}],methods=[GET]}" onto public com.mml.domain.TResponse com.mml.controller.InitController.experiment(javax.servlet.http.HttpServletRequest,javax.servlet.http.HttpServletResponse,java.lang.String,java.lang.String)
2019-02-15 10:05:55.765 [main] INFO  o.s.w.s.m.m.a.RequestMappingHandlerMapping - Mapped "{[/task.json/norun/loadNode],methods=[POST]}" onto public com.mml.domain.TResponse com.mml.controller.TaskController.getNode(javax.servlet.http.HttpServletRequest,javax.servlet.http.HttpServletResponse,java.lang.String)
2019-02-15 10:05:55.781 [main] INFO  o.s.w.s.m.m.a.RequestMappingHandlerMapping - Mapped "{[/task.json/run/{id}],methods=[POST]}" onto public com.mml.domain.TResponse com.mml.controller.TaskController.Run(javax.servlet.http.HttpServletRequest,javax.servlet.http.HttpServletResponse,java.lang.String)
2019-02-15 10:05:55.797 [main] INFO  o.s.w.s.m.m.a.RequestMappingHandlerMapping - Mapped "{[/task.json/norun/addNode],methods=[POST]}" onto public com.mml.domain.TResponse com.mml.controller.TaskController.registerNode(javax.servlet.http.HttpServletRequest,javax.servlet.http.HttpServletResponse,java.lang.String,java.lang.String,java.lang.String,java.lang.String)
2019-02-15 10:05:55.814 [main] INFO  o.s.w.s.m.m.a.RequestMappingHandlerMapping - Mapped "{[/task.json/norun/addNodeLink],methods=[POST]}" onto public com.mml.domain.TResponse com.mml.controller.TaskController.registerNodeLink(javax.servlet.http.HttpServletRequest,javax.servlet.http.HttpServletResponse,java.lang.String,java.lang.String,java.lang.String,java.lang.String,java.lang.String)
2019-02-15 10:05:55.842 [main] INFO  o.s.w.s.m.m.a.RequestMappingHandlerMapping - Mapped "{[/task.json/norun/{method}],methods=[GET]}" onto public com.mml.domain.TResponse com.mml.controller.TaskController.noRun(javax.servlet.http.HttpServletRequest,javax.servlet.http.HttpServletResponse,java.lang.String,java.lang.String)
2019-02-15 10:05:55.864 [main] INFO  o.s.w.s.m.m.a.RequestMappingHandlerMapping - Mapped "{[/user.json/data/getData],methods=[POST]}" onto public com.mml.domain.TResponse com.mml.controller.UserController.getData(javax.servlet.http.HttpServletRequest,javax.servlet.http.HttpServletResponse,java.lang.String,java.lang.Integer,java.lang.Integer)
2019-02-15 10:05:55.884 [main] INFO  o.s.w.s.m.m.a.RequestMappingHandlerMapping - Mapped "{[/user.json/data/getNodeTableData],methods=[POST]}" onto public com.mml.domain.TResponse com.mml.controller.UserController.getNodeTableData(javax.servlet.http.HttpServletRequest,javax.servlet.http.HttpServletResponse,java.lang.Integer,java.lang.Integer,java.lang.Integer)
2019-02-15 10:05:55.903 [main] INFO  o.s.w.s.m.m.a.RequestMappingHandlerMapping - Mapped "{[/user.json/data/getNodeRadarData],methods=[POST]}" onto public com.mml.domain.TResponse com.mml.controller.UserController.getNodeRadarData(javax.servlet.http.HttpServletRequest,javax.servlet.http.HttpServletResponse,java.lang.Integer,java.lang.Integer,java.lang.Integer)
2019-02-15 10:05:55.923 [main] INFO  o.s.w.s.m.m.a.RequestMappingHandlerMapping - Mapped "{[/user.json/log/getLogging],methods=[POST]}" onto public com.mml.domain.TResponse com.mml.controller.UserController.getLogging(javax.servlet.http.HttpServletRequest,javax.servlet.http.HttpServletResponse,java.lang.String,java.lang.Integer,java.lang.Integer)
2019-02-15 10:05:55.941 [main] INFO  o.s.w.s.m.m.a.RequestMappingHandlerMapping - Mapped "{[/user.json/experiment/addExperiment],methods=[POST]}" onto public com.mml.domain.TResponse com.mml.controller.UserController.registerExperiment(javax.servlet.http.HttpServletRequest,javax.servlet.http.HttpServletResponse,java.lang.String,java.lang.String,java.lang.String,java.lang.String)
2019-02-15 10:05:55.959 [main] INFO  o.s.w.s.m.m.a.RequestMappingHandlerMapping - Mapped "{[/user.json/data/getNodeLineBarData],methods=[POST]}" onto public com.mml.domain.TResponse com.mml.controller.UserController.getNodeLineBarData(javax.servlet.http.HttpServletRequest,javax.servlet.http.HttpServletResponse,java.lang.Integer,java.lang.Integer,java.lang.Integer)
2019-02-15 10:05:55.980 [main] INFO  o.s.w.s.m.m.a.RequestMappingHandlerMapping - Mapped "{[/user.json/user/getUserInformation],methods=[POST]}" onto public com.mml.domain.TResponse com.mml.controller.UserController.getUserInformation(javax.servlet.http.HttpServletRequest,javax.servlet.http.HttpServletResponse,java.lang.String)
2019-02-15 10:05:56.011 [main] INFO  o.s.w.s.m.m.a.RequestMappingHandlerMapping - Mapped "{[/error]}" onto public org.springframework.http.ResponseEntity<java.util.Map<java.lang.String, java.lang.Object>> org.springframework.boot.autoconfigure.web.BasicErrorController.error(javax.servlet.http.HttpServletRequest)
2019-02-15 10:05:56.029 [main] INFO  o.s.w.s.m.m.a.RequestMappingHandlerMapping - Mapped "{[/error],produces=[text/html]}" onto public org.springframework.web.servlet.ModelAndView org.springframework.boot.autoconfigure.web.BasicErrorController.errorHtml(javax.servlet.http.HttpServletRequest,javax.servlet.http.HttpServletResponse)
2019-02-15 10:05:56.147 [main] INFO  o.s.web.servlet.handler.SimpleUrlHandlerMapping - Mapped URL path [/webjars/**] onto handler of type [class org.springframework.web.servlet.resource.ResourceHttpRequestHandler]
2019-02-15 10:05:56.161 [main] INFO  o.s.web.servlet.handler.SimpleUrlHandlerMapping - Mapped URL path [/**] onto handler of type [class org.springframework.web.servlet.resource.ResourceHttpRequestHandler]
2019-02-15 10:05:56.299 [main] INFO  o.s.web.servlet.handler.SimpleUrlHandlerMapping - Mapped URL path [/**/favicon.ico] onto handler of type [class org.springframework.web.servlet.resource.ResourceHttpRequestHandler]
2019-02-15 10:05:57.148 [main] INFO  o.s.jmx.export.annotation.AnnotationMBeanExporter - Registering beans for JMX exposure on startup
2019-02-15 10:05:57.191 [main] INFO  org.apache.coyote.http11.Http11NioProtocol - Initializing ProtocolHandler ["http-nio-8080"]
2019-02-15 10:05:57.235 [main] INFO  org.apache.coyote.http11.Http11NioProtocol - Starting ProtocolHandler ["http-nio-8080"]
2019-02-15 10:05:57.343 [main] INFO  org.apache.tomcat.util.net.NioSelectorPool - Using a shared selector for servlet write/read
2019-02-15 10:05:57.445 [main] INFO  o.s.b.c.e.tomcat.TomcatEmbeddedServletContainer - Tomcat started on port(s): 8080 (http)
2019-02-15 10:05:57.473 [main] INFO  com.mml.MmlServerApplication - Started MmlServerApplication in 15.551 seconds (JVM running for 16.435)
2019-02-15 10:06:17.962 [http-nio-8080-exec-1] INFO  o.a.c.core.ContainerBase.[Tomcat].[localhost].[/] - Initializing Spring FrameworkServlet 'dispatcherServlet'
2019-02-15 10:06:17.979 [http-nio-8080-exec-1] INFO  org.springframework.web.servlet.DispatcherServlet - FrameworkServlet 'dispatcherServlet': initialization started
2019-02-15 10:06:18.154 [http-nio-8080-exec-1] INFO  org.springframework.web.servlet.DispatcherServlet - FrameworkServlet 'dispatcherServlet': initialization completed in 159 ms
2019-02-15 10:07:02.977 [http-nio-8080-exec-7] INFO  com.mml.service.impl.AppServiceImpl - init ->findAppMenu
2019-02-15 10:07:03.069 [http-nio-8080-exec-9] INFO  com.mml.service.impl.UserServiceImpl - user -> findById
2019-02-15 10:07:03.192 [http-nio-8080-exec-9] INFO  o.h.hql.internal.QueryTranslatorFactoryInitiator - HHH000397: Using ASTQueryTranslatorFactory
2019-02-15 10:10:41.208 [http-nio-8080-exec-5] INFO  com.mml.service.impl.UserServiceImpl - user -> findById
2019-02-15 10:10:41.226 [http-nio-8080-exec-1] INFO  com.mml.service.impl.AppServiceImpl - init ->findAppMenu
2019-02-15 10:17:58.666 [http-nio-8080-exec-8] INFO  com.mml.service.impl.UserServiceImpl - user -> findById
2019-02-15 10:17:58.722 [http-nio-8080-exec-10] INFO  com.mml.service.impl.AppServiceImpl - init ->findAppMenu
2019-02-15 10:18:04.554 [http-nio-8080-exec-6] INFO  com.mml.service.impl.UserServiceImpl - user -> findById
2019-02-15 10:18:04.554 [http-nio-8080-exec-8] INFO  com.mml.service.impl.AppServiceImpl - init ->findAppMenu
2019-02-15 10:26:46.823 [http-nio-8080-exec-3] INFO  com.mml.service.impl.NodeServiceImpl - node -> findNode id=47
2019-02-15 10:31:12.770 [http-nio-8080-exec-5] INFO  com.mml.service.impl.NodeServiceImpl - node -> findNode id=30
2019-02-15 10:31:25.695 [http-nio-8080-exec-2] INFO  com.mml.service.impl.NodeServiceImpl - node -> findNode id=77
2019-02-15 10:32:01.607 [http-nio-8080-exec-1] INFO  com.mml.service.impl.UserServiceImpl - user -> findById
2019-02-15 10:32:01.656 [http-nio-8080-exec-2] INFO  com.mml.service.impl.AppServiceImpl - init ->findAppMenu
2019-02-15 10:39:18.447 [http-nio-8080-exec-4] INFO  com.mml.service.impl.NodeServiceImpl - node -> findNode id=76
2019-02-15 10:55:10.010 [http-nio-8080-exec-2] INFO  com.mml.service.impl.AppServiceImpl - init ->findAppMenu
2019-02-15 10:55:10.030 [http-nio-8080-exec-6] INFO  com.mml.service.impl.UserServiceImpl - user -> findById
2019-02-15 16:51:00.717 [main] INFO  com.mml.MmlServerApplication - Starting MmlServerApplication on DESKTOP-OCE30L6 with PID 5964 (D:\NodejsProject\mml\mml-server\target\classes started by kiven in D:\NodejsProject\mml\mml-server)
2019-02-15 16:51:01.081 [main] INFO  com.mml.MmlServerApplication - No active profile set, falling back to default profiles: default
2019-02-15 16:51:01.483 [main] INFO  o.s.b.c.e.AnnotationConfigEmbeddedWebApplicationContext - Refreshing org.springframework.boot.context.embedded.AnnotationConfigEmbeddedWebApplicationContext@12d2ce03: startup date [Fri Feb 15 16:51:01 CST 2019]; root of context hierarchy
2019-02-15 16:51:01.599 [background-preinit] INFO  org.hibernate.validator.internal.util.Version - HV000001: Hibernate Validator 5.3.6.Final
2019-02-15 16:51:07.743 [main] INFO  o.s.c.s.PostProcessorRegistrationDelegate$BeanPostProcessorChecker - Bean 'org.springframework.ws.config.annotation.DelegatingWsConfiguration' of type [org.springframework.ws.config.annotation.DelegatingWsConfiguration$$EnhancerBySpringCGLIB$$b62a10e3] is not eligible for getting processed by all BeanPostProcessors (for example: not eligible for auto-proxying)
2019-02-15 16:51:08.009 [main] INFO  o.s.w.s.a.server.AnnotationActionEndpointMapping - Supporting [WS-Addressing August 2004, WS-Addressing 1.0]
2019-02-15 16:51:09.645 [main] INFO  o.s.b.c.e.tomcat.TomcatEmbeddedServletContainer - Tomcat initialized with port(s): 8080 (http)
2019-02-15 16:51:09.740 [main] INFO  org.apache.catalina.core.StandardService - Starting service [Tomcat]
2019-02-15 16:51:09.776 [main] INFO  org.apache.catalina.core.StandardEngine - Starting Servlet Engine: Apache Tomcat/8.5.23
2019-02-15 16:51:10.084 [localhost-startStop-1] INFO  o.a.c.core.ContainerBase.[Tomcat].[localhost].[/] - Initializing Spring embedded WebApplicationContext
2019-02-15 16:51:10.150 [localhost-startStop-1] INFO  org.springframework.web.context.ContextLoader - Root WebApplicationContext: initialization completed in 8667 ms
2019-02-15 16:51:10.570 [localhost-startStop-1] INFO  o.s.boot.web.servlet.FilterRegistrationBean - Mapping filter: 'characterEncodingFilter' to: [/*]
2019-02-15 16:51:11.109 [localhost-startStop-1] INFO  o.s.boot.web.servlet.FilterRegistrationBean - Mapping filter: 'hiddenHttpMethodFilter' to: [/*]
2019-02-15 16:51:11.777 [localhost-startStop-1] INFO  o.s.boot.web.servlet.FilterRegistrationBean - Mapping filter: 'httpPutFormContentFilter' to: [/*]
2019-02-15 16:51:12.734 [localhost-startStop-1] INFO  o.s.boot.web.servlet.FilterRegistrationBean - Mapping filter: 'requestContextFilter' to: [/*]
2019-02-15 16:51:13.712 [localhost-startStop-1] INFO  o.s.boot.web.servlet.FilterRegistrationBean - Mapping filter: 'corsFilter' to: [/*]
2019-02-15 16:51:13.731 [localhost-startStop-1] INFO  o.s.boot.web.servlet.ServletRegistrationBean - Mapping servlet: 'dispatcherServlet' to [/]
2019-02-15 16:51:13.755 [localhost-startStop-1] INFO  o.s.boot.web.servlet.ServletRegistrationBean - Mapping servlet: 'messageDispatcherServlet' to [/services/*]
2019-02-15 16:51:16.416 [main] INFO  o.s.orm.jpa.LocalContainerEntityManagerFactoryBean - Building JPA container EntityManagerFactory for persistence unit 'default'
2019-02-15 16:51:16.510 [main] INFO  org.hibernate.jpa.internal.util.LogHelper - HHH000204: Processing PersistenceUnitInfo [
	name: default
	...]
2019-02-15 16:51:16.675 [main] INFO  org.hibernate.Version - HHH000412: Hibernate Core {5.0.12.Final}
2019-02-15 16:51:16.712 [main] INFO  org.hibernate.cfg.Environment - HHH000206: hibernate.properties not found
2019-02-15 16:51:16.734 [main] INFO  org.hibernate.cfg.Environment - HHH000021: Bytecode provider name : javassist
2019-02-15 16:51:16.841 [main] INFO  org.hibernate.annotations.common.Version - HCANN000001: Hibernate Commons Annotations {5.0.1.Final}
2019-02-15 16:51:17.154 [main] INFO  org.hibernate.dialect.Dialect - HHH000400: Using dialect: org.hibernate.dialect.MySQL5Dialect
2019-02-15 16:51:17.692 [main] WARN  org.hibernate.mapping.RootClass - HHH000038: Composite-id class does not override equals(): com.mml.domain.jpa.LoggingEventException
2019-02-15 16:51:17.802 [main] WARN  org.hibernate.mapping.RootClass - HHH000039: Composite-id class does not override hashCode(): com.mml.domain.jpa.LoggingEventException
2019-02-15 16:51:17.866 [main] WARN  org.hibernate.mapping.RootClass - HHH000038: Composite-id class does not override equals(): com.mml.domain.jpa.LoggingEventProperty
2019-02-15 16:51:17.885 [main] WARN  org.hibernate.mapping.RootClass - HHH000039: Composite-id class does not override hashCode(): com.mml.domain.jpa.LoggingEventProperty
2019-02-15 16:51:18.680 [main] INFO  org.hibernate.tool.hbm2ddl.SchemaUpdate - HHH000228: Running hbm2ddl schema update
2019-02-15 16:51:22.271 [main] INFO  o.s.orm.jpa.LocalContainerEntityManagerFactoryBean - Initialized JPA EntityManagerFactory for persistence unit 'default'
2019-02-15 16:51:24.057 [main] INFO  o.s.w.s.m.m.a.RequestMappingHandlerAdapter - Looking for @ControllerAdvice: org.springframework.boot.context.embedded.AnnotationConfigEmbeddedWebApplicationContext@12d2ce03: startup date [Fri Feb 15 16:51:01 CST 2019]; root of context hierarchy
2019-02-15 16:51:24.400 [main] INFO  o.s.w.s.m.m.a.RequestMappingHandlerMapping - Mapped "{[/app.json/menu],methods=[GET]}" onto public com.mml.domain.TResponse com.mml.controller.AppController.module(javax.servlet.http.HttpServletRequest,javax.servlet.http.HttpServletResponse)
2019-02-15 16:51:24.419 [main] INFO  o.s.w.s.m.m.a.RequestMappingHandlerMapping - Mapped "{[/init.json/component/{method}],methods=[GET]}" onto public com.mml.domain.TResponse com.mml.controller.InitController.component(javax.servlet.http.HttpServletRequest,javax.servlet.http.HttpServletResponse,java.lang.String,java.lang.String)
2019-02-15 16:51:24.434 [main] INFO  o.s.w.s.m.m.a.RequestMappingHandlerMapping - Mapped "{[/init.json/experiment/{method}],methods=[GET]}" onto public com.mml.domain.TResponse com.mml.controller.InitController.experiment(javax.servlet.http.HttpServletRequest,javax.servlet.http.HttpServletResponse,java.lang.String,java.lang.String)
2019-02-15 16:51:24.531 [main] INFO  o.s.w.s.m.m.a.RequestMappingHandlerMapping - Mapped "{[/task.json/norun/loadNode],methods=[POST]}" onto public com.mml.domain.TResponse com.mml.controller.TaskController.getNode(javax.servlet.http.HttpServletRequest,javax.servlet.http.HttpServletResponse,java.lang.String)
2019-02-15 16:51:24.606 [main] INFO  o.s.w.s.m.m.a.RequestMappingHandlerMapping - Mapped "{[/task.json/norun/addNode],methods=[POST]}" onto public com.mml.domain.TResponse com.mml.controller.TaskController.registerNode(javax.servlet.http.HttpServletRequest,javax.servlet.http.HttpServletResponse,java.lang.String,java.lang.String,java.lang.String,java.lang.String)
2019-02-15 16:51:24.629 [main] INFO  o.s.w.s.m.m.a.RequestMappingHandlerMapping - Mapped "{[/task.json/norun/addNodeLink],methods=[POST]}" onto public com.mml.domain.TResponse com.mml.controller.TaskController.registerNodeLink(javax.servlet.http.HttpServletRequest,javax.servlet.http.HttpServletResponse,java.lang.String,java.lang.String,java.lang.String,java.lang.String,java.lang.String)
2019-02-15 16:51:24.649 [main] INFO  o.s.w.s.m.m.a.RequestMappingHandlerMapping - Mapped "{[/task.json/run/{id}],methods=[POST]}" onto public com.mml.domain.TResponse com.mml.controller.TaskController.Run(javax.servlet.http.HttpServletRequest,javax.servlet.http.HttpServletResponse,java.lang.String)
2019-02-15 16:51:24.668 [main] INFO  o.s.w.s.m.m.a.RequestMappingHandlerMapping - Mapped "{[/task.json/norun/{method}],methods=[GET]}" onto public com.mml.domain.TResponse com.mml.controller.TaskController.noRun(javax.servlet.http.HttpServletRequest,javax.servlet.http.HttpServletResponse,java.lang.String,java.lang.String)
2019-02-15 16:51:24.687 [main] INFO  o.s.w.s.m.m.a.RequestMappingHandlerMapping - Mapped "{[/user.json/data/getData],methods=[POST]}" onto public com.mml.domain.TResponse com.mml.controller.UserController.getData(javax.servlet.http.HttpServletRequest,javax.servlet.http.HttpServletResponse,java.lang.String,java.lang.Integer,java.lang.Integer)
2019-02-15 16:51:24.706 [main] INFO  o.s.w.s.m.m.a.RequestMappingHandlerMapping - Mapped "{[/user.json/experiment/addExperiment],methods=[POST]}" onto public com.mml.domain.TResponse com.mml.controller.UserController.registerExperiment(javax.servlet.http.HttpServletRequest,javax.servlet.http.HttpServletResponse,java.lang.String,java.lang.String,java.lang.String,java.lang.String)
2019-02-15 16:51:24.724 [main] INFO  o.s.w.s.m.m.a.RequestMappingHandlerMapping - Mapped "{[/user.json/user/getUserInformation],methods=[POST]}" onto public com.mml.domain.TResponse com.mml.controller.UserController.getUserInformation(javax.servlet.http.HttpServletRequest,javax.servlet.http.HttpServletResponse,java.lang.String)
2019-02-15 16:51:24.741 [main] INFO  o.s.w.s.m.m.a.RequestMappingHandlerMapping - Mapped "{[/user.json/data/getNodeLineBarData],methods=[POST]}" onto public com.mml.domain.TResponse com.mml.controller.UserController.getNodeLineBarData(javax.servlet.http.HttpServletRequest,javax.servlet.http.HttpServletResponse,java.lang.Integer,java.lang.Integer,java.lang.Integer)
2019-02-15 16:51:24.759 [main] INFO  o.s.w.s.m.m.a.RequestMappingHandlerMapping - Mapped "{[/user.json/data/getNodeRadarData],methods=[POST]}" onto public com.mml.domain.TResponse com.mml.controller.UserController.getNodeRadarData(javax.servlet.http.HttpServletRequest,javax.servlet.http.HttpServletResponse,java.lang.Integer,java.lang.Integer,java.lang.Integer)
2019-02-15 16:51:24.776 [main] INFO  o.s.w.s.m.m.a.RequestMappingHandlerMapping - Mapped "{[/user.json/log/getLogging],methods=[POST]}" onto public com.mml.domain.TResponse com.mml.controller.UserController.getLogging(javax.servlet.http.HttpServletRequest,javax.servlet.http.HttpServletResponse,java.lang.String,java.lang.Integer,java.lang.Integer)
2019-02-15 16:51:24.794 [main] INFO  o.s.w.s.m.m.a.RequestMappingHandlerMapping - Mapped "{[/user.json/data/getNodeTableData],methods=[POST]}" onto public com.mml.domain.TResponse com.mml.controller.UserController.getNodeTableData(javax.servlet.http.HttpServletRequest,javax.servlet.http.HttpServletResponse,java.lang.Integer,java.lang.Integer,java.lang.Integer)
2019-02-15 16:51:24.819 [main] INFO  o.s.w.s.m.m.a.RequestMappingHandlerMapping - Mapped "{[/error]}" onto public org.springframework.http.ResponseEntity<java.util.Map<java.lang.String, java.lang.Object>> org.springframework.boot.autoconfigure.web.BasicErrorController.error(javax.servlet.http.HttpServletRequest)
2019-02-15 16:51:24.837 [main] INFO  o.s.w.s.m.m.a.RequestMappingHandlerMapping - Mapped "{[/error],produces=[text/html]}" onto public org.springframework.web.servlet.ModelAndView org.springframework.boot.autoconfigure.web.BasicErrorController.errorHtml(javax.servlet.http.HttpServletRequest,javax.servlet.http.HttpServletResponse)
2019-02-15 16:51:24.961 [main] INFO  o.s.web.servlet.handler.SimpleUrlHandlerMapping - Mapped URL path [/webjars/**] onto handler of type [class org.springframework.web.servlet.resource.ResourceHttpRequestHandler]
2019-02-15 16:51:25.014 [main] INFO  o.s.web.servlet.handler.SimpleUrlHandlerMapping - Mapped URL path [/**] onto handler of type [class org.springframework.web.servlet.resource.ResourceHttpRequestHandler]
2019-02-15 16:51:25.198 [main] INFO  o.s.web.servlet.handler.SimpleUrlHandlerMapping - Mapped URL path [/**/favicon.ico] onto handler of type [class org.springframework.web.servlet.resource.ResourceHttpRequestHandler]
2019-02-15 16:51:26.043 [main] INFO  o.s.jmx.export.annotation.AnnotationMBeanExporter - Registering beans for JMX exposure on startup
2019-02-15 16:51:26.102 [main] INFO  org.apache.coyote.http11.Http11NioProtocol - Initializing ProtocolHandler ["http-nio-8080"]
2019-02-15 16:51:26.143 [main] INFO  org.apache.coyote.http11.Http11NioProtocol - Starting ProtocolHandler ["http-nio-8080"]
2019-02-15 16:51:26.189 [main] INFO  org.apache.tomcat.util.net.NioSelectorPool - Using a shared selector for servlet write/read
2019-02-15 16:51:26.309 [main] INFO  o.s.b.c.e.tomcat.TomcatEmbeddedServletContainer - Tomcat started on port(s): 8080 (http)
2019-02-15 16:51:26.337 [main] INFO  com.mml.MmlServerApplication - Started MmlServerApplication in 28.098 seconds (JVM running for 31.152)
2019-02-15 16:53:06.263 [http-nio-8080-exec-9] INFO  o.a.c.core.ContainerBase.[Tomcat].[localhost].[/] - Initializing Spring FrameworkServlet 'dispatcherServlet'
2019-02-15 16:53:06.343 [http-nio-8080-exec-9] INFO  org.springframework.web.servlet.DispatcherServlet - FrameworkServlet 'dispatcherServlet': initialization started
2019-02-15 16:53:06.428 [http-nio-8080-exec-9] INFO  org.springframework.web.servlet.DispatcherServlet - FrameworkServlet 'dispatcherServlet': initialization completed in 68 ms
2019-02-15 16:53:06.662 [http-nio-8080-exec-10] INFO  com.mml.service.impl.UserServiceImpl - user -> findById
2019-02-15 16:53:06.719 [http-nio-8080-exec-10] INFO  o.h.hql.internal.QueryTranslatorFactoryInitiator - HHH000397: Using ASTQueryTranslatorFactory
2019-02-15 16:53:06.805 [http-nio-8080-exec-8] INFO  com.mml.service.impl.AppServiceImpl - init ->findAppMenu
2019-02-15 17:01:47.795 [http-nio-8080-exec-9] INFO  com.mml.service.impl.UserServiceImpl - user -> findById
2019-02-15 17:01:47.808 [http-nio-8080-exec-3] INFO  com.mml.service.impl.AppServiceImpl - init ->findAppMenu
2019-02-15 17:52:28.079 [http-nio-8080-exec-8] INFO  com.mml.service.impl.AppServiceImpl - init ->findAppMenu
2019-02-15 17:52:28.092 [http-nio-8080-exec-3] INFO  com.mml.service.impl.UserServiceImpl - user -> findById
2019-02-15 17:53:42.541 [http-nio-8080-exec-10] INFO  com.mml.service.impl.UserServiceImpl - user -> findById
2019-02-15 17:53:42.545 [http-nio-8080-exec-7] INFO  com.mml.service.impl.AppServiceImpl - init ->findAppMenu
2019-02-15 18:01:08.432 [http-nio-8080-exec-5] INFO  com.mml.service.impl.NodeServiceImpl - node -> findNode id=26
2019-02-15 18:01:19.001 [http-nio-8080-exec-9] INFO  com.mml.service.impl.NodeServiceImpl - node -> findNode id=75
