2019-02-12 11:04:37.481 [main] INFO  com.mml.MmlServerApplication - Starting MmlServerApplication on DESKTOP-OCE30L6 with PID 16544 (D:\NodejsProject\mml\mml-server\target\classes started by kiven in D:\NodejsProject\mml\mml-server)
2019-02-12 11:04:37.578 [main] INFO  com.mml.MmlServerApplication - No active profile set, falling back to default profiles: default
2019-02-12 11:04:37.850 [main] INFO  o.s.b.c.e.AnnotationConfigEmbeddedWebApplicationContext - Refreshing org.springframework.boot.context.embedded.AnnotationConfigEmbeddedWebApplicationContext@647e447: startup date [Tue Feb 12 11:04:37 CST 2019]; root of context hierarchy
2019-02-12 11:04:39.683 [background-preinit] INFO  org.hibernate.validator.internal.util.Version - HV000001: Hibernate Validator 5.3.6.Final
2019-02-12 11:04:41.314 [main] INFO  o.s.c.s.PostProcessorRegistrationDelegate$BeanPostProcessorChecker - Bean 'org.springframework.ws.config.annotation.DelegatingWsConfiguration' of type [org.springframework.ws.config.annotation.DelegatingWsConfiguration$$EnhancerBySpringCGLIB$$44542877] is not eligible for getting processed by all BeanPostProcessors (for example: not eligible for auto-proxying)
2019-02-12 11:04:41.458 [main] INFO  o.s.w.s.a.server.AnnotationActionEndpointMapping - Supporting [WS-Addressing August 2004, WS-Addressing 1.0]
2019-02-12 11:04:42.540 [main] INFO  o.s.b.c.e.tomcat.TomcatEmbeddedServletContainer - Tomcat initialized with port(s): 8080 (http)
2019-02-12 11:04:42.593 [main] INFO  org.apache.catalina.core.StandardService - Starting service [Tomcat]
2019-02-12 11:04:42.610 [main] INFO  org.apache.catalina.core.StandardEngine - Starting Servlet Engine: Apache Tomcat/8.5.23
2019-02-12 11:04:42.997 [localhost-startStop-1] INFO  o.a.c.core.ContainerBase.[Tomcat].[localhost].[/] - Initializing Spring embedded WebApplicationContext
2019-02-12 11:04:43.033 [localhost-startStop-1] INFO  org.springframework.web.context.ContextLoader - Root WebApplicationContext: initialization completed in 5183 ms
2019-02-12 11:04:43.320 [localhost-startStop-1] INFO  o.s.boot.web.servlet.FilterRegistrationBean - Mapping filter: 'characterEncodingFilter' to: [/*]
2019-02-12 11:04:43.338 [localhost-startStop-1] INFO  o.s.boot.web.servlet.FilterRegistrationBean - Mapping filter: 'hiddenHttpMethodFilter' to: [/*]
2019-02-12 11:04:43.354 [localhost-startStop-1] INFO  o.s.boot.web.servlet.FilterRegistrationBean - Mapping filter: 'httpPutFormContentFilter' to: [/*]
2019-02-12 11:04:43.377 [localhost-startStop-1] INFO  o.s.boot.web.servlet.FilterRegistrationBean - Mapping filter: 'requestContextFilter' to: [/*]
2019-02-12 11:04:43.397 [localhost-startStop-1] INFO  o.s.boot.web.servlet.FilterRegistrationBean - Mapping filter: 'corsFilter' to: [/*]
2019-02-12 11:04:43.411 [localhost-startStop-1] INFO  o.s.boot.web.servlet.ServletRegistrationBean - Mapping servlet: 'dispatcherServlet' to [/]
2019-02-12 11:04:43.428 [localhost-startStop-1] INFO  o.s.boot.web.servlet.ServletRegistrationBean - Mapping servlet: 'messageDispatcherServlet' to [/services/*]
2019-02-12 11:04:45.481 [main] INFO  o.s.orm.jpa.LocalContainerEntityManagerFactoryBean - Building JPA container EntityManagerFactory for persistence unit 'default'
2019-02-12 11:04:45.525 [main] INFO  org.hibernate.jpa.internal.util.LogHelper - HHH000204: Processing PersistenceUnitInfo [
	name: default
	...]
2019-02-12 11:04:45.664 [main] INFO  org.hibernate.Version - HHH000412: Hibernate Core {5.0.12.Final}
2019-02-12 11:04:45.681 [main] INFO  org.hibernate.cfg.Environment - HHH000206: hibernate.properties not found
2019-02-12 11:04:45.700 [main] INFO  org.hibernate.cfg.Environment - HHH000021: Bytecode provider name : javassist
2019-02-12 11:04:45.983 [main] INFO  org.hibernate.annotations.common.Version - HCANN000001: Hibernate Commons Annotations {5.0.1.Final}
2019-02-12 11:04:46.302 [main] INFO  org.hibernate.dialect.Dialect - HHH000400: Using dialect: org.hibernate.dialect.MySQL5Dialect
2019-02-12 11:04:46.759 [main] WARN  org.hibernate.mapping.RootClass - HHH000038: Composite-id class does not override equals(): com.mml.domain.jpa.LoggingEventException
2019-02-12 11:04:46.775 [main] WARN  org.hibernate.mapping.RootClass - HHH000039: Composite-id class does not override hashCode(): com.mml.domain.jpa.LoggingEventException
2019-02-12 11:04:46.794 [main] WARN  org.hibernate.mapping.RootClass - HHH000038: Composite-id class does not override equals(): com.mml.domain.jpa.LoggingEventProperty
2019-02-12 11:04:46.807 [main] WARN  org.hibernate.mapping.RootClass - HHH000039: Composite-id class does not override hashCode(): com.mml.domain.jpa.LoggingEventProperty
2019-02-12 11:04:47.619 [main] INFO  org.hibernate.tool.hbm2ddl.SchemaUpdate - HHH000228: Running hbm2ddl schema update
2019-02-12 11:04:49.155 [main] INFO  o.s.orm.jpa.LocalContainerEntityManagerFactoryBean - Initialized JPA EntityManagerFactory for persistence unit 'default'
2019-02-12 11:04:50.619 [main] INFO  o.s.w.s.m.m.a.RequestMappingHandlerAdapter - Looking for @ControllerAdvice: org.springframework.boot.context.embedded.AnnotationConfigEmbeddedWebApplicationContext@647e447: startup date [Tue Feb 12 11:04:37 CST 2019]; root of context hierarchy
2019-02-12 11:04:50.750 [main] INFO  o.s.w.s.m.m.a.RequestMappingHandlerMapping - Mapped "{[/app.json/menu],methods=[GET]}" onto public com.mml.domain.TResponse com.mml.controller.AppController.module(javax.servlet.http.HttpServletRequest,javax.servlet.http.HttpServletResponse)
2019-02-12 11:04:50.767 [main] INFO  o.s.w.s.m.m.a.RequestMappingHandlerMapping - Mapped "{[/init.json/component/{method}],methods=[GET]}" onto public com.mml.domain.TResponse com.mml.controller.InitController.component(javax.servlet.http.HttpServletRequest,javax.servlet.http.HttpServletResponse,java.lang.String,java.lang.String)
2019-02-12 11:04:50.783 [main] INFO  o.s.w.s.m.m.a.RequestMappingHandlerMapping - Mapped "{[/init.json/experiment/{method}],methods=[GET]}" onto public com.mml.domain.TResponse com.mml.controller.InitController.experiment(javax.servlet.http.HttpServletRequest,javax.servlet.http.HttpServletResponse,java.lang.String,java.lang.String)
2019-02-12 11:04:50.806 [main] INFO  o.s.w.s.m.m.a.RequestMappingHandlerMapping - Mapped "{[/task.json/norun/loadNode],methods=[POST]}" onto public com.mml.domain.TResponse com.mml.controller.TaskController.getNode(javax.servlet.http.HttpServletRequest,javax.servlet.http.HttpServletResponse,java.lang.String)
2019-02-12 11:04:50.835 [main] INFO  o.s.w.s.m.m.a.RequestMappingHandlerMapping - Mapped "{[/task.json/run/{id}],methods=[POST]}" onto public com.mml.domain.TResponse com.mml.controller.TaskController.Run(javax.servlet.http.HttpServletRequest,javax.servlet.http.HttpServletResponse,java.lang.String)
2019-02-12 11:04:50.851 [main] INFO  o.s.w.s.m.m.a.RequestMappingHandlerMapping - Mapped "{[/task.json/norun/addNode],methods=[POST]}" onto public com.mml.domain.TResponse com.mml.controller.TaskController.registerNode(javax.servlet.http.HttpServletRequest,javax.servlet.http.HttpServletResponse,java.lang.String,java.lang.String,java.lang.String,java.lang.String)
2019-02-12 11:04:50.868 [main] INFO  o.s.w.s.m.m.a.RequestMappingHandlerMapping - Mapped "{[/task.json/norun/addNodeLink],methods=[POST]}" onto public com.mml.domain.TResponse com.mml.controller.TaskController.registerNodeLink(javax.servlet.http.HttpServletRequest,javax.servlet.http.HttpServletResponse,java.lang.String,java.lang.String,java.lang.String,java.lang.String,java.lang.String)
2019-02-12 11:04:50.891 [main] INFO  o.s.w.s.m.m.a.RequestMappingHandlerMapping - Mapped "{[/task.json/norun/{method}],methods=[GET]}" onto public com.mml.domain.TResponse com.mml.controller.TaskController.noRun(javax.servlet.http.HttpServletRequest,javax.servlet.http.HttpServletResponse,java.lang.String,java.lang.String)
2019-02-12 11:04:50.908 [main] INFO  o.s.w.s.m.m.a.RequestMappingHandlerMapping - Mapped "{[/user.json/data/getData],methods=[POST]}" onto public com.mml.domain.TResponse com.mml.controller.UserController.getData(javax.servlet.http.HttpServletRequest,javax.servlet.http.HttpServletResponse,java.lang.String,java.lang.Integer,java.lang.Integer)
2019-02-12 11:04:50.924 [main] INFO  o.s.w.s.m.m.a.RequestMappingHandlerMapping - Mapped "{[/user.json/data/getNodeLineBarData],methods=[POST]}" onto public com.mml.domain.TResponse com.mml.controller.UserController.getNodeLineBarData(javax.servlet.http.HttpServletRequest,javax.servlet.http.HttpServletResponse,java.lang.Integer,java.lang.Integer,java.lang.Integer)
2019-02-12 11:04:50.940 [main] INFO  o.s.w.s.m.m.a.RequestMappingHandlerMapping - Mapped "{[/user.json/experiment/addExperiment],methods=[POST]}" onto public com.mml.domain.TResponse com.mml.controller.UserController.registerExperiment(javax.servlet.http.HttpServletRequest,javax.servlet.http.HttpServletResponse,java.lang.String,java.lang.String,java.lang.String,java.lang.String)
2019-02-12 11:04:50.972 [main] INFO  o.s.w.s.m.m.a.RequestMappingHandlerMapping - Mapped "{[/user.json/user/getUserInformation],methods=[POST]}" onto public com.mml.domain.TResponse com.mml.controller.UserController.getUserInformation(javax.servlet.http.HttpServletRequest,javax.servlet.http.HttpServletResponse,java.lang.String)
2019-02-12 11:04:50.989 [main] INFO  o.s.w.s.m.m.a.RequestMappingHandlerMapping - Mapped "{[/user.json/log/getLogging],methods=[POST]}" onto public com.mml.domain.TResponse com.mml.controller.UserController.getLogging(javax.servlet.http.HttpServletRequest,javax.servlet.http.HttpServletResponse,java.lang.String,java.lang.Integer,java.lang.Integer)
2019-02-12 11:04:51.004 [main] INFO  o.s.w.s.m.m.a.RequestMappingHandlerMapping - Mapped "{[/user.json/data/getNodeRadarData],methods=[POST]}" onto public com.mml.domain.TResponse com.mml.controller.UserController.getNodeRadarData(javax.servlet.http.HttpServletRequest,javax.servlet.http.HttpServletResponse,java.lang.Integer,java.lang.Integer,java.lang.Integer)
2019-02-12 11:04:51.020 [main] INFO  o.s.w.s.m.m.a.RequestMappingHandlerMapping - Mapped "{[/user.json/data/getNodeTableData],methods=[POST]}" onto public com.mml.domain.TResponse com.mml.controller.UserController.getNodeTableData(javax.servlet.http.HttpServletRequest,javax.servlet.http.HttpServletResponse,java.lang.Integer,java.lang.Integer,java.lang.Integer)
2019-02-12 11:04:51.042 [main] INFO  o.s.w.s.m.m.a.RequestMappingHandlerMapping - Mapped "{[/error]}" onto public org.springframework.http.ResponseEntity<java.util.Map<java.lang.String, java.lang.Object>> org.springframework.boot.autoconfigure.web.BasicErrorController.error(javax.servlet.http.HttpServletRequest)
2019-02-12 11:04:51.057 [main] INFO  o.s.w.s.m.m.a.RequestMappingHandlerMapping - Mapped "{[/error],produces=[text/html]}" onto public org.springframework.web.servlet.ModelAndView org.springframework.boot.autoconfigure.web.BasicErrorController.errorHtml(javax.servlet.http.HttpServletRequest,javax.servlet.http.HttpServletResponse)
2019-02-12 11:04:51.127 [main] INFO  o.s.web.servlet.handler.SimpleUrlHandlerMapping - Mapped URL path [/webjars/**] onto handler of type [class org.springframework.web.servlet.resource.ResourceHttpRequestHandler]
2019-02-12 11:04:51.142 [main] INFO  o.s.web.servlet.handler.SimpleUrlHandlerMapping - Mapped URL path [/**] onto handler of type [class org.springframework.web.servlet.resource.ResourceHttpRequestHandler]
2019-02-12 11:04:51.216 [main] INFO  o.s.web.servlet.handler.SimpleUrlHandlerMapping - Mapped URL path [/**/favicon.ico] onto handler of type [class org.springframework.web.servlet.resource.ResourceHttpRequestHandler]
2019-02-12 11:04:51.774 [main] INFO  o.s.jmx.export.annotation.AnnotationMBeanExporter - Registering beans for JMX exposure on startup
2019-02-12 11:04:51.810 [main] INFO  org.apache.coyote.http11.Http11NioProtocol - Initializing ProtocolHandler ["http-nio-8080"]
2019-02-12 11:04:52.060 [main] INFO  org.apache.coyote.http11.Http11NioProtocol - Starting ProtocolHandler ["http-nio-8080"]
2019-02-12 11:04:52.742 [main] INFO  org.apache.tomcat.util.net.NioSelectorPool - Using a shared selector for servlet write/read
2019-02-12 11:04:52.790 [main] INFO  o.s.b.c.e.tomcat.TomcatEmbeddedServletContainer - Tomcat started on port(s): 8080 (http)
2019-02-12 11:04:52.815 [main] INFO  com.mml.MmlServerApplication - Started MmlServerApplication in 17.761 seconds (JVM running for 21.776)
2019-02-12 11:05:32.560 [http-nio-8080-exec-1] INFO  o.a.c.core.ContainerBase.[Tomcat].[localhost].[/] - Initializing Spring FrameworkServlet 'dispatcherServlet'
2019-02-12 11:05:32.571 [http-nio-8080-exec-1] INFO  org.springframework.web.servlet.DispatcherServlet - FrameworkServlet 'dispatcherServlet': initialization started
2019-02-12 11:05:32.633 [http-nio-8080-exec-1] INFO  org.springframework.web.servlet.DispatcherServlet - FrameworkServlet 'dispatcherServlet': initialization completed in 50 ms
2019-02-12 11:05:32.736 [http-nio-8080-exec-1] INFO  com.mml.service.impl.AppServiceImpl - init ->findAppMenu
2019-02-12 11:05:32.801 [http-nio-8080-exec-1] INFO  o.h.hql.internal.QueryTranslatorFactoryInitiator - HHH000397: Using ASTQueryTranslatorFactory
2019-02-12 11:18:06.303 [http-nio-8080-exec-9] INFO  com.mml.service.impl.AppServiceImpl - init ->findAppMenu
2019-02-12 11:18:27.833 [http-nio-8080-exec-1] WARN  org.springframework.web.servlet.PageNotFound - Request method 'GET' not supported
2019-02-12 11:18:33.038 [http-nio-8080-exec-2] WARN  org.springframework.web.servlet.PageNotFound - Request method 'GET' not supported
2019-02-12 11:18:36.275 [http-nio-8080-exec-3] WARN  org.springframework.web.servlet.PageNotFound - Request method 'GET' not supported
2019-02-12 11:18:44.347 [http-nio-8080-exec-6] INFO  com.mml.service.impl.AppServiceImpl - init ->findAppMenu
2019-02-12 11:19:09.391 [http-nio-8080-exec-7] WARN  org.springframework.web.servlet.PageNotFound - Request method 'GET' not supported
2019-02-12 11:21:27.092 [http-nio-8080-exec-5] INFO  com.mml.service.impl.AppServiceImpl - init ->findAppMenu
2019-02-12 14:29:38.886 [http-nio-8080-exec-3] INFO  com.mml.service.impl.AppServiceImpl - init ->findAppMenu
2019-02-12 14:29:38.980 [http-nio-8080-exec-10] INFO  com.mml.service.impl.UserServiceImpl - user -> findById
2019-02-12 14:30:39.183 [http-nio-8080-exec-4] INFO  com.mml.service.impl.UserServiceImpl - user -> findById
2019-02-12 14:30:39.190 [http-nio-8080-exec-2] INFO  com.mml.service.impl.AppServiceImpl - init ->findAppMenu
2019-02-12 14:35:43.976 [http-nio-8080-exec-7] INFO  com.mml.service.impl.NodeServiceImpl - node -> findNode id=25
2019-02-12 14:36:02.767 [http-nio-8080-exec-9] INFO  com.mml.service.impl.NodeServiceImpl - node -> findNode id=47
2019-02-12 14:36:03.808 [http-nio-8080-exec-8] INFO  com.mml.service.impl.NodeServiceImpl - node -> findNode id=56
2019-02-12 14:56:56.187 [http-nio-8080-exec-3] INFO  com.mml.service.impl.UserServiceImpl - user -> findById
2019-02-12 14:56:56.221 [http-nio-8080-exec-5] INFO  com.mml.service.impl.AppServiceImpl - init ->findAppMenu
2019-02-12 15:00:10.395 [http-nio-8080-exec-9] INFO  com.mml.service.impl.NodeServiceImpl - node -> findNode id=46
2019-02-12 15:04:01.895 [http-nio-8080-exec-4] INFO  com.mml.service.impl.NodeServiceImpl - node -> findNode id=47
2019-02-12 15:07:01.313 [http-nio-8080-exec-6] INFO  com.mml.service.impl.NodeServiceImpl - node -> findNode id=33
2019-02-12 15:09:29.434 [http-nio-8080-exec-2] INFO  com.mml.service.impl.NodeServiceImpl - node -> findNode id=73
2019-02-12 15:09:34.287 [http-nio-8080-exec-8] INFO  com.mml.service.impl.NodeServiceImpl - node -> findNode id=69
2019-02-12 15:09:46.295 [http-nio-8080-exec-7] INFO  com.mml.service.impl.NodeServiceImpl - node -> findNode id=73
2019-02-12 15:10:45.961 [http-nio-8080-exec-10] INFO  com.mml.service.impl.NodeServiceImpl - node -> findNode id=53
2019-02-12 15:10:53.328 [http-nio-8080-exec-5] INFO  com.mml.service.impl.NodeServiceImpl - node -> findNode id=52
2019-02-12 15:10:55.223 [http-nio-8080-exec-1] INFO  com.mml.service.impl.NodeServiceImpl - node -> findNode id=53
2019-02-12 15:25:38.585 [http-nio-8080-exec-7] INFO  com.mml.service.impl.UserServiceImpl - user -> findById
2019-02-12 15:25:38.603 [http-nio-8080-exec-10] INFO  com.mml.service.impl.AppServiceImpl - init ->findAppMenu
2019-02-12 15:25:41.646 [http-nio-8080-exec-9] INFO  com.mml.service.impl.NodeServiceImpl - node -> findNode id=47
2019-02-12 15:30:08.269 [http-nio-8080-exec-6] INFO  com.mml.service.impl.UserServiceImpl - user -> findById
2019-02-12 15:30:08.286 [http-nio-8080-exec-8] INFO  com.mml.service.impl.AppServiceImpl - init ->findAppMenu
2019-02-12 15:30:11.182 [http-nio-8080-exec-2] INFO  com.mml.service.impl.NodeServiceImpl - node -> findNode id=56
2019-02-12 15:40:13.062 [http-nio-8080-exec-3] INFO  com.mml.service.impl.UserServiceImpl - user -> findById
2019-02-12 15:40:13.090 [http-nio-8080-exec-5] INFO  com.mml.service.impl.AppServiceImpl - init ->findAppMenu
2019-02-12 15:40:13.417 [http-nio-8080-exec-6] WARN  o.s.w.s.m.support.DefaultHandlerExceptionResolver - Failed to write HTTP message: org.springframework.http.converter.HttpMessageNotWritableException: Could not write JSON: (was java.lang.NullPointerException); nested exception is com.fasterxml.jackson.databind.JsonMappingException: (was java.lang.NullPointerException) (through reference chain: com.mml.domain.TResponse["data"]->java.util.ArrayList[10]->com.mml.domain.jpa.Node["inPorts"])
2019-02-12 15:40:13.417 [http-nio-8080-exec-4] WARN  o.s.w.s.m.support.DefaultHandlerExceptionResolver - Failed to write HTTP message: org.springframework.http.converter.HttpMessageNotWritableException: Could not write JSON: (was java.lang.NullPointerException); nested exception is com.fasterxml.jackson.databind.JsonMappingException: (was java.lang.NullPointerException) (through reference chain: com.mml.domain.TResponse["data"]->java.util.ArrayList[10]->com.mml.domain.jpa.Node["outPorts"])
2019-02-12 15:40:34.938 [http-nio-8080-exec-2] INFO  com.mml.service.impl.NodeServiceImpl - node -> findNode id=47
2019-02-12 15:45:54.229 [http-nio-8080-exec-1] INFO  com.mml.service.impl.UserServiceImpl - user -> findById
2019-02-12 15:45:54.256 [http-nio-8080-exec-2] INFO  com.mml.service.impl.AppServiceImpl - init ->findAppMenu
2019-02-12 15:45:58.774 [http-nio-8080-exec-7] INFO  com.mml.service.impl.NodeServiceImpl - node -> findNode id=46
2019-02-12 15:47:25.278 [http-nio-8080-exec-10] INFO  com.mml.service.impl.NodeServiceImpl - node -> findNode id=65
2019-02-12 15:48:35.002 [http-nio-8080-exec-3] INFO  com.mml.service.impl.NodeServiceImpl - node -> findNode id=47
2019-02-12 15:48:39.662 [http-nio-8080-exec-7] INFO  com.mml.service.impl.NodeServiceImpl - node -> findNode id=37
2019-02-12 15:49:36.147 [http-nio-8080-exec-8] INFO  com.mml.service.impl.NodeServiceImpl - node -> findNode id=47
2019-02-12 15:51:19.395 [http-nio-8080-exec-9] INFO  com.mml.service.impl.NodeServiceImpl - node -> findNode id=46
2019-02-12 15:51:25.774 [http-nio-8080-exec-10] INFO  com.mml.service.impl.NodeServiceImpl - node -> findNode id=65
2019-02-12 15:52:53.301 [http-nio-8080-exec-5] INFO  com.mml.service.impl.NodeServiceImpl - node -> findNode id=75
2019-02-12 15:53:53.998 [http-nio-8080-exec-2] INFO  com.mml.service.impl.NodeServiceImpl - node -> findNode id=65
2019-02-12 15:54:18.283 [http-nio-8080-exec-10] INFO  com.mml.service.impl.NodeServiceImpl - node -> findNode id=76
2019-02-12 15:54:49.241 [http-nio-8080-exec-3] INFO  com.mml.service.impl.NodeServiceImpl - node -> findNode id=47
2019-02-12 15:55:30.453 [http-nio-8080-exec-1] INFO  com.mml.service.impl.NodeServiceImpl - node -> findNode id=76
2019-02-12 15:56:12.479 [http-nio-8080-exec-4] INFO  com.mml.service.impl.NodeServiceImpl - node -> findNode id=37
2019-02-12 15:56:26.479 [http-nio-8080-exec-2] INFO  com.mml.service.impl.NodeServiceImpl - node -> findNode id=75
2019-02-12 15:56:58.971 [http-nio-8080-exec-10] INFO  com.mml.service.impl.NodeServiceImpl - node -> findNode id=65
2019-02-12 15:57:32.683 [http-nio-8080-exec-3] INFO  com.mml.service.impl.NodeServiceImpl - node -> findNode id=47
2019-02-12 16:01:55.053 [http-nio-8080-exec-1] INFO  com.mml.service.impl.NodeServiceImpl - node -> findNode id=25
2019-02-12 16:06:02.242 [http-nio-8080-exec-9] INFO  com.mml.service.impl.NodeServiceImpl - node -> findNode id=64
2019-02-12 16:13:53.726 [http-nio-8080-exec-6] INFO  com.mml.service.impl.NodeServiceImpl - node -> findNode id=26
2019-02-12 16:13:59.115 [http-nio-8080-exec-3] INFO  com.mml.service.impl.NodeServiceImpl - node -> findNode id=25
2019-02-12 16:17:27.655 [http-nio-8080-exec-1] INFO  com.mml.service.impl.NodeServiceImpl - node -> findNode id=47
2019-02-12 16:17:43.351 [http-nio-8080-exec-5] INFO  com.mml.service.impl.NodeServiceImpl - node -> findNode id=26
2019-02-12 16:18:09.732 [http-nio-8080-exec-1] WARN  org.hibernate.engine.jdbc.spi.SqlExceptionHelper - SQL Error: 0, SQLState: 08S01
2019-02-12 16:18:12.763 [http-nio-8080-exec-1] ERROR org.hibernate.engine.jdbc.spi.SqlExceptionHelper - Communications link failure

The last packet sent successfully to the server was 0 milliseconds ago. The driver has not received any packets from the server.
2019-02-12 16:18:12.817 [http-nio-8080-exec-1] ERROR o.a.c.c.C.[.[localhost].[/].[dispatcherServlet] - Servlet.service() for servlet [dispatcherServlet] in context with path [] threw exception [Request processing failed; nested exception is org.springframework.dao.DataAccessResourceFailureException: Unable to acquire JDBC Connection; nested exception is org.hibernate.exception.JDBCConnectionException: Unable to acquire JDBC Connection] with root cause
java.net.ConnectException: Connection timed out: connect
	at java.net.DualStackPlainSocketImpl.connect0(Native Method)
	at java.net.DualStackPlainSocketImpl.socketConnect(DualStackPlainSocketImpl.java:79)
	at java.net.AbstractPlainSocketImpl.doConnect(AbstractPlainSocketImpl.java:345)
	at java.net.AbstractPlainSocketImpl.connectToAddress(AbstractPlainSocketImpl.java:206)
	at java.net.AbstractPlainSocketImpl.connect(AbstractPlainSocketImpl.java:188)
	at java.net.PlainSocketImpl.connect(PlainSocketImpl.java:172)
	at java.net.SocksSocketImpl.connect(SocksSocketImpl.java:392)
	at java.net.Socket.connect(Socket.java:589)
	at com.mysql.jdbc.StandardSocketFactory.connect(StandardSocketFactory.java:211)
	at com.mysql.jdbc.MysqlIO.<init>(MysqlIO.java:298)
	at com.mysql.jdbc.ConnectionImpl.coreConnect(ConnectionImpl.java:2253)
	at com.mysql.jdbc.ConnectionImpl.connectOneTryOnly(ConnectionImpl.java:2286)
	at com.mysql.jdbc.ConnectionImpl.createNewIO(ConnectionImpl.java:2085)
	at com.mysql.jdbc.ConnectionImpl.<init>(ConnectionImpl.java:795)
	at com.mysql.jdbc.JDBC4Connection.<init>(JDBC4Connection.java:44)
	at sun.reflect.GeneratedConstructorAccessor35.newInstance(Unknown Source)
	at sun.reflect.DelegatingConstructorAccessorImpl.newInstance(DelegatingConstructorAccessorImpl.java:45)
	at java.lang.reflect.Constructor.newInstance(Constructor.java:408)
	at com.mysql.jdbc.Util.handleNewInstance(Util.java:404)
	at com.mysql.jdbc.ConnectionImpl.getInstance(ConnectionImpl.java:400)
	at com.mysql.jdbc.NonRegisteringDriver.connect(NonRegisteringDriver.java:327)
	at org.apache.tomcat.jdbc.pool.PooledConnection.connectUsingDriver(PooledConnection.java:310)
	at org.apache.tomcat.jdbc.pool.PooledConnection.connect(PooledConnection.java:203)
	at org.apache.tomcat.jdbc.pool.PooledConnection.reconnect(PooledConnection.java:361)
	at org.apache.tomcat.jdbc.pool.ConnectionPool.borrowConnection(ConnectionPool.java:821)
	at org.apache.tomcat.jdbc.pool.ConnectionPool.borrowConnection(ConnectionPool.java:651)
	at org.apache.tomcat.jdbc.pool.ConnectionPool.getConnection(ConnectionPool.java:198)
	at org.apache.tomcat.jdbc.pool.DataSourceProxy.getConnection(DataSourceProxy.java:132)
	at org.hibernate.engine.jdbc.connections.internal.DatasourceConnectionProviderImpl.getConnection(DatasourceConnectionProviderImpl.java:122)
	at org.hibernate.internal.AbstractSessionImpl$NonContextualJdbcConnectionAccess.obtainConnection(AbstractSessionImpl.java:386)
	at org.hibernate.resource.jdbc.internal.LogicalConnectionManagedImpl.acquireConnectionIfNeeded(LogicalConnectionManagedImpl.java:87)
	at org.hibernate.resource.jdbc.internal.LogicalConnectionManagedImpl.getPhysicalConnection(LogicalConnectionManagedImpl.java:112)
	at org.hibernate.engine.jdbc.internal.StatementPreparerImpl.connection(StatementPreparerImpl.java:47)
	at org.hibernate.engine.jdbc.internal.StatementPreparerImpl$5.doPrepare(StatementPreparerImpl.java:146)
	at org.hibernate.engine.jdbc.internal.StatementPreparerImpl$StatementPreparationTemplate.prepareStatement(StatementPreparerImpl.java:172)
	at org.hibernate.engine.jdbc.internal.StatementPreparerImpl.prepareQueryStatement(StatementPreparerImpl.java:148)
	at org.hibernate.loader.Loader.prepareQueryStatement(Loader.java:1929)
	at org.hibernate.loader.Loader.executeQueryStatement(Loader.java:1898)
	at org.hibernate.loader.Loader.executeQueryStatement(Loader.java:1876)
	at org.hibernate.loader.Loader.doQuery(Loader.java:919)
	at org.hibernate.loader.Loader.doQueryAndInitializeNonLazyCollections(Loader.java:336)
	at org.hibernate.loader.Loader.doList(Loader.java:2617)
	at org.hibernate.loader.Loader.doList(Loader.java:2600)
	at org.hibernate.loader.Loader.listIgnoreQueryCache(Loader.java:2429)
	at org.hibernate.loader.Loader.list(Loader.java:2424)
	at org.hibernate.loader.hql.QueryLoader.list(QueryLoader.java:501)
	at org.hibernate.hql.internal.ast.QueryTranslatorImpl.list(QueryTranslatorImpl.java:371)
	at org.hibernate.engine.query.spi.HQLQueryPlan.performList(HQLQueryPlan.java:216)
	at org.hibernate.internal.SessionImpl.list(SessionImpl.java:1326)
	at org.hibernate.internal.QueryImpl.list(QueryImpl.java:87)
	at org.hibernate.jpa.internal.QueryImpl.list(QueryImpl.java:606)
	at org.hibernate.jpa.internal.QueryImpl.getSingleResult(QueryImpl.java:529)
	at org.hibernate.jpa.criteria.compile.CriteriaQueryTypeQueryAdapter.getSingleResult(CriteriaQueryTypeQueryAdapter.java:54)
	at org.springframework.data.jpa.repository.query.JpaQueryExecution$SingleEntityExecution.doExecute(JpaQueryExecution.java:208)
	at org.springframework.data.jpa.repository.query.JpaQueryExecution.execute(JpaQueryExecution.java:87)
	at org.springframework.data.jpa.repository.query.AbstractJpaQuery.doExecute(AbstractJpaQuery.java:116)
	at org.springframework.data.jpa.repository.query.AbstractJpaQuery.execute(AbstractJpaQuery.java:106)
	at org.springframework.data.repository.core.support.RepositoryFactorySupport$QueryExecutorMethodInterceptor.doInvoke(RepositoryFactorySupport.java:499)
	at org.springframework.data.repository.core.support.RepositoryFactorySupport$QueryExecutorMethodInterceptor.invoke(RepositoryFactorySupport.java:477)
	at org.springframework.aop.framework.ReflectiveMethodInvocation.proceed(ReflectiveMethodInvocation.java:179)
	at org.springframework.data.projection.DefaultMethodInvokingMethodInterceptor.invoke(DefaultMethodInvokingMethodInterceptor.java:56)
	at org.springframework.aop.framework.ReflectiveMethodInvocation.proceed(ReflectiveMethodInvocation.java:179)
	at org.springframework.transaction.interceptor.TransactionInterceptor$1.proceedWithInvocation(TransactionInterceptor.java:99)
	at org.springframework.transaction.interceptor.TransactionAspectSupport.invokeWithinTransaction(TransactionAspectSupport.java:282)
	at org.springframework.transaction.interceptor.TransactionInterceptor.invoke(TransactionInterceptor.java:96)
	at org.springframework.aop.framework.ReflectiveMethodInvocation.proceed(ReflectiveMethodInvocation.java:179)
	at org.springframework.dao.support.PersistenceExceptionTranslationInterceptor.invoke(PersistenceExceptionTranslationInterceptor.java:136)
	at org.springframework.aop.framework.ReflectiveMethodInvocation.proceed(ReflectiveMethodInvocation.java:179)
	at org.springframework.data.jpa.repository.support.CrudMethodMetadataPostProcessor$CrudMethodMetadataPopulatingMethodInterceptor.invoke(CrudMethodMetadataPostProcessor.java:133)
	at org.springframework.aop.framework.ReflectiveMethodInvocation.proceed(ReflectiveMethodInvocation.java:179)
	at org.springframework.aop.interceptor.ExposeInvocationInterceptor.invoke(ExposeInvocationInterceptor.java:92)
	at org.springframework.aop.framework.ReflectiveMethodInvocation.proceed(ReflectiveMethodInvocation.java:179)
	at org.springframework.data.repository.core.support.SurroundingTransactionDetectorMethodInterceptor.invoke(SurroundingTransactionDetectorMethodInterceptor.java:57)
	at org.springframework.aop.framework.ReflectiveMethodInvocation.proceed(ReflectiveMethodInvocation.java:179)
	at org.springframework.aop.framework.JdkDynamicAopProxy.invoke(JdkDynamicAopProxy.java:213)
	at com.sun.proxy.$Proxy94.findById(Unknown Source)
	at com.mml.service.impl.NodeServiceImpl.findNode(NodeServiceImpl.java:92)
	at com.mml.controller.TaskController.getNode(TaskController.java:62)
	at sun.reflect.GeneratedMethodAccessor162.invoke(Unknown Source)
	at sun.reflect.DelegatingMethodAccessorImpl.invoke(DelegatingMethodAccessorImpl.java:43)
	at java.lang.reflect.Method.invoke(Method.java:483)
	at org.springframework.web.method.support.InvocableHandlerMethod.doInvoke(InvocableHandlerMethod.java:205)
	at org.springframework.web.method.support.InvocableHandlerMethod.invokeForRequest(InvocableHandlerMethod.java:133)
	at org.springframework.web.servlet.mvc.method.annotation.ServletInvocableHandlerMethod.invokeAndHandle(ServletInvocableHandlerMethod.java:97)
	at org.springframework.web.servlet.mvc.method.annotation.RequestMappingHandlerAdapter.invokeHandlerMethod(RequestMappingHandlerAdapter.java:827)
	at org.springframework.web.servlet.mvc.method.annotation.RequestMappingHandlerAdapter.handleInternal(RequestMappingHandlerAdapter.java:738)
	at org.springframework.web.servlet.mvc.method.AbstractHandlerMethodAdapter.handle(AbstractHandlerMethodAdapter.java:85)
	at org.springframework.web.servlet.DispatcherServlet.doDispatch(DispatcherServlet.java:967)
	at org.springframework.web.servlet.DispatcherServlet.doService(DispatcherServlet.java:901)
	at org.springframework.web.servlet.FrameworkServlet.processRequest(FrameworkServlet.java:970)
	at org.springframework.web.servlet.FrameworkServlet.doPost(FrameworkServlet.java:872)
	at javax.servlet.http.HttpServlet.service(HttpServlet.java:661)
	at org.springframework.web.servlet.FrameworkServlet.service(FrameworkServlet.java:846)
	at javax.servlet.http.HttpServlet.service(HttpServlet.java:742)
	at org.apache.catalina.core.ApplicationFilterChain.internalDoFilter(ApplicationFilterChain.java:231)
	at org.apache.catalina.core.ApplicationFilterChain.doFilter(ApplicationFilterChain.java:166)
	at org.apache.tomcat.websocket.server.WsFilter.doFilter(WsFilter.java:52)
	at org.apache.catalina.core.ApplicationFilterChain.internalDoFilter(ApplicationFilterChain.java:193)
	at org.apache.catalina.core.ApplicationFilterChain.doFilter(ApplicationFilterChain.java:166)
	at org.springframework.web.filter.CorsFilter.doFilterInternal(CorsFilter.java:96)
	at org.springframework.web.filter.OncePerRequestFilter.doFilter(OncePerRequestFilter.java:107)
	at org.apache.catalina.core.ApplicationFilterChain.internalDoFilter(ApplicationFilterChain.java:193)
	at org.apache.catalina.core.ApplicationFilterChain.doFilter(ApplicationFilterChain.java:166)
	at org.springframework.web.filter.RequestContextFilter.doFilterInternal(RequestContextFilter.java:99)
	at org.springframework.web.filter.OncePerRequestFilter.doFilter(OncePerRequestFilter.java:107)
	at org.apache.catalina.core.ApplicationFilterChain.internalDoFilter(ApplicationFilterChain.java:193)
	at org.apache.catalina.core.ApplicationFilterChain.doFilter(ApplicationFilterChain.java:166)
	at org.springframework.web.filter.HttpPutFormContentFilter.doFilterInternal(HttpPutFormContentFilter.java:108)
	at org.springframework.web.filter.OncePerRequestFilter.doFilter(OncePerRequestFilter.java:107)
	at org.apache.catalina.core.ApplicationFilterChain.internalDoFilter(ApplicationFilterChain.java:193)
	at org.apache.catalina.core.ApplicationFilterChain.doFilter(ApplicationFilterChain.java:166)
	at org.springframework.web.filter.HiddenHttpMethodFilter.doFilterInternal(HiddenHttpMethodFilter.java:81)
	at org.springframework.web.filter.OncePerRequestFilter.doFilter(OncePerRequestFilter.java:107)
	at org.apache.catalina.core.ApplicationFilterChain.internalDoFilter(ApplicationFilterChain.java:193)
	at org.apache.catalina.core.ApplicationFilterChain.doFilter(ApplicationFilterChain.java:166)
	at org.springframework.web.filter.CharacterEncodingFilter.doFilterInternal(CharacterEncodingFilter.java:197)
	at org.springframework.web.filter.OncePerRequestFilter.doFilter(OncePerRequestFilter.java:107)
	at org.apache.catalina.core.ApplicationFilterChain.internalDoFilter(ApplicationFilterChain.java:193)
	at org.apache.catalina.core.ApplicationFilterChain.doFilter(ApplicationFilterChain.java:166)
	at org.apache.catalina.core.StandardWrapperValve.invoke(StandardWrapperValve.java:199)
	at org.apache.catalina.core.StandardContextValve.invoke(StandardContextValve.java:96)
	at org.apache.catalina.authenticator.AuthenticatorBase.invoke(AuthenticatorBase.java:478)
	at org.apache.catalina.core.StandardHostValve.invoke(StandardHostValve.java:140)
	at org.apache.catalina.valves.ErrorReportValve.invoke(ErrorReportValve.java:81)
	at org.apache.catalina.core.StandardEngineValve.invoke(StandardEngineValve.java:87)
	at org.apache.catalina.connector.CoyoteAdapter.service(CoyoteAdapter.java:342)
	at org.apache.coyote.http11.Http11Processor.service(Http11Processor.java:803)
	at org.apache.coyote.AbstractProcessorLight.process(AbstractProcessorLight.java:66)
	at org.apache.coyote.AbstractProtocol$ConnectionHandler.process(AbstractProtocol.java:868)
	at org.apache.tomcat.util.net.NioEndpoint$SocketProcessor.doRun(NioEndpoint.java:1459)
	at org.apache.tomcat.util.net.SocketProcessorBase.run(SocketProcessorBase.java:49)
	at java.util.concurrent.ThreadPoolExecutor.runWorker(ThreadPoolExecutor.java:1142)
	at java.util.concurrent.ThreadPoolExecutor$Worker.run(ThreadPoolExecutor.java:617)
	at org.apache.tomcat.util.threads.TaskThread$WrappingRunnable.run(TaskThread.java:61)
	at java.lang.Thread.run(Thread.java:745)
2019-02-12 16:18:25.377 [http-nio-8080-exec-5] WARN  org.hibernate.engine.jdbc.spi.SqlExceptionHelper - SQL Error: 0, SQLState: 08S01
2019-02-12 16:18:25.399 [http-nio-8080-exec-5] ERROR org.hibernate.engine.jdbc.spi.SqlExceptionHelper - Communications link failure

The last packet sent successfully to the server was 0 milliseconds ago. The driver has not received any packets from the server.
2019-02-12 16:18:25.425 [http-nio-8080-exec-5] ERROR o.a.c.c.C.[.[localhost].[/].[dispatcherServlet] - Servlet.service() for servlet [dispatcherServlet] in context with path [] threw exception [Request processing failed; nested exception is org.springframework.dao.DataAccessResourceFailureException: Unable to acquire JDBC Connection; nested exception is org.hibernate.exception.JDBCConnectionException: Unable to acquire JDBC Connection] with root cause
java.net.ConnectException: Connection timed out: connect
	at java.net.DualStackPlainSocketImpl.connect0(Native Method)
	at java.net.DualStackPlainSocketImpl.socketConnect(DualStackPlainSocketImpl.java:79)
	at java.net.AbstractPlainSocketImpl.doConnect(AbstractPlainSocketImpl.java:345)
	at java.net.AbstractPlainSocketImpl.connectToAddress(AbstractPlainSocketImpl.java:206)
	at java.net.AbstractPlainSocketImpl.connect(AbstractPlainSocketImpl.java:188)
	at java.net.PlainSocketImpl.connect(PlainSocketImpl.java:172)
	at java.net.SocksSocketImpl.connect(SocksSocketImpl.java:392)
	at java.net.Socket.connect(Socket.java:589)
	at com.mysql.jdbc.StandardSocketFactory.connect(StandardSocketFactory.java:211)
	at com.mysql.jdbc.MysqlIO.<init>(MysqlIO.java:298)
	at com.mysql.jdbc.ConnectionImpl.coreConnect(ConnectionImpl.java:2253)
	at com.mysql.jdbc.ConnectionImpl.connectOneTryOnly(ConnectionImpl.java:2286)
	at com.mysql.jdbc.ConnectionImpl.createNewIO(ConnectionImpl.java:2085)
	at com.mysql.jdbc.ConnectionImpl.<init>(ConnectionImpl.java:795)
	at com.mysql.jdbc.JDBC4Connection.<init>(JDBC4Connection.java:44)
	at sun.reflect.GeneratedConstructorAccessor35.newInstance(Unknown Source)
	at sun.reflect.DelegatingConstructorAccessorImpl.newInstance(DelegatingConstructorAccessorImpl.java:45)
	at java.lang.reflect.Constructor.newInstance(Constructor.java:408)
	at com.mysql.jdbc.Util.handleNewInstance(Util.java:404)
	at com.mysql.jdbc.ConnectionImpl.getInstance(ConnectionImpl.java:400)
	at com.mysql.jdbc.NonRegisteringDriver.connect(NonRegisteringDriver.java:327)
	at org.apache.tomcat.jdbc.pool.PooledConnection.connectUsingDriver(PooledConnection.java:310)
	at org.apache.tomcat.jdbc.pool.PooledConnection.connect(PooledConnection.java:203)
	at org.apache.tomcat.jdbc.pool.PooledConnection.reconnect(PooledConnection.java:361)
	at org.apache.tomcat.jdbc.pool.ConnectionPool.borrowConnection(ConnectionPool.java:821)
	at org.apache.tomcat.jdbc.pool.ConnectionPool.borrowConnection(ConnectionPool.java:651)
	at org.apache.tomcat.jdbc.pool.ConnectionPool.getConnection(ConnectionPool.java:198)
	at org.apache.tomcat.jdbc.pool.DataSourceProxy.getConnection(DataSourceProxy.java:132)
	at org.hibernate.engine.jdbc.connections.internal.DatasourceConnectionProviderImpl.getConnection(DatasourceConnectionProviderImpl.java:122)
	at org.hibernate.internal.AbstractSessionImpl$NonContextualJdbcConnectionAccess.obtainConnection(AbstractSessionImpl.java:386)
	at org.hibernate.resource.jdbc.internal.LogicalConnectionManagedImpl.acquireConnectionIfNeeded(LogicalConnectionManagedImpl.java:87)
	at org.hibernate.resource.jdbc.internal.LogicalConnectionManagedImpl.getPhysicalConnection(LogicalConnectionManagedImpl.java:112)
	at org.hibernate.engine.jdbc.internal.StatementPreparerImpl.connection(StatementPreparerImpl.java:47)
	at org.hibernate.engine.jdbc.internal.StatementPreparerImpl$5.doPrepare(StatementPreparerImpl.java:146)
	at org.hibernate.engine.jdbc.internal.StatementPreparerImpl$StatementPreparationTemplate.prepareStatement(StatementPreparerImpl.java:172)
	at org.hibernate.engine.jdbc.internal.StatementPreparerImpl.prepareQueryStatement(StatementPreparerImpl.java:148)
	at org.hibernate.loader.Loader.prepareQueryStatement(Loader.java:1929)
	at org.hibernate.loader.Loader.executeQueryStatement(Loader.java:1898)
	at org.hibernate.loader.Loader.executeQueryStatement(Loader.java:1876)
	at org.hibernate.loader.Loader.doQuery(Loader.java:919)
	at org.hibernate.loader.Loader.doQueryAndInitializeNonLazyCollections(Loader.java:336)
	at org.hibernate.loader.Loader.doList(Loader.java:2617)
	at org.hibernate.loader.Loader.doList(Loader.java:2600)
	at org.hibernate.loader.Loader.listIgnoreQueryCache(Loader.java:2429)
	at org.hibernate.loader.Loader.list(Loader.java:2424)
	at org.hibernate.loader.hql.QueryLoader.list(QueryLoader.java:501)
	at org.hibernate.hql.internal.ast.QueryTranslatorImpl.list(QueryTranslatorImpl.java:371)
	at org.hibernate.engine.query.spi.HQLQueryPlan.performList(HQLQueryPlan.java:216)
	at org.hibernate.internal.SessionImpl.list(SessionImpl.java:1326)
	at org.hibernate.internal.QueryImpl.list(QueryImpl.java:87)
	at org.hibernate.jpa.internal.QueryImpl.list(QueryImpl.java:606)
	at org.hibernate.jpa.internal.QueryImpl.getSingleResult(QueryImpl.java:529)
	at org.hibernate.jpa.criteria.compile.CriteriaQueryTypeQueryAdapter.getSingleResult(CriteriaQueryTypeQueryAdapter.java:54)
	at org.springframework.data.jpa.repository.query.JpaQueryExecution$SingleEntityExecution.doExecute(JpaQueryExecution.java:208)
	at org.springframework.data.jpa.repository.query.JpaQueryExecution.execute(JpaQueryExecution.java:87)
	at org.springframework.data.jpa.repository.query.AbstractJpaQuery.doExecute(AbstractJpaQuery.java:116)
	at org.springframework.data.jpa.repository.query.AbstractJpaQuery.execute(AbstractJpaQuery.java:106)
	at org.springframework.data.repository.core.support.RepositoryFactorySupport$QueryExecutorMethodInterceptor.doInvoke(RepositoryFactorySupport.java:499)
	at org.springframework.data.repository.core.support.RepositoryFactorySupport$QueryExecutorMethodInterceptor.invoke(RepositoryFactorySupport.java:477)
	at org.springframework.aop.framework.ReflectiveMethodInvocation.proceed(ReflectiveMethodInvocation.java:179)
	at org.springframework.data.projection.DefaultMethodInvokingMethodInterceptor.invoke(DefaultMethodInvokingMethodInterceptor.java:56)
	at org.springframework.aop.framework.ReflectiveMethodInvocation.proceed(ReflectiveMethodInvocation.java:179)
	at org.springframework.transaction.interceptor.TransactionInterceptor$1.proceedWithInvocation(TransactionInterceptor.java:99)
	at org.springframework.transaction.interceptor.TransactionAspectSupport.invokeWithinTransaction(TransactionAspectSupport.java:282)
	at org.springframework.transaction.interceptor.TransactionInterceptor.invoke(TransactionInterceptor.java:96)
	at org.springframework.aop.framework.ReflectiveMethodInvocation.proceed(ReflectiveMethodInvocation.java:179)
	at org.springframework.dao.support.PersistenceExceptionTranslationInterceptor.invoke(PersistenceExceptionTranslationInterceptor.java:136)
	at org.springframework.aop.framework.ReflectiveMethodInvocation.proceed(ReflectiveMethodInvocation.java:179)
	at org.springframework.data.jpa.repository.support.CrudMethodMetadataPostProcessor$CrudMethodMetadataPopulatingMethodInterceptor.invoke(CrudMethodMetadataPostProcessor.java:133)
	at org.springframework.aop.framework.ReflectiveMethodInvocation.proceed(ReflectiveMethodInvocation.java:179)
	at org.springframework.aop.interceptor.ExposeInvocationInterceptor.invoke(ExposeInvocationInterceptor.java:92)
	at org.springframework.aop.framework.ReflectiveMethodInvocation.proceed(ReflectiveMethodInvocation.java:179)
	at org.springframework.data.repository.core.support.SurroundingTransactionDetectorMethodInterceptor.invoke(SurroundingTransactionDetectorMethodInterceptor.java:57)
	at org.springframework.aop.framework.ReflectiveMethodInvocation.proceed(ReflectiveMethodInvocation.java:179)
	at org.springframework.aop.framework.JdkDynamicAopProxy.invoke(JdkDynamicAopProxy.java:213)
	at com.sun.proxy.$Proxy94.findById(Unknown Source)
	at com.mml.service.impl.NodeServiceImpl.findNode(NodeServiceImpl.java:92)
	at com.mml.controller.TaskController.getNode(TaskController.java:62)
	at sun.reflect.GeneratedMethodAccessor162.invoke(Unknown Source)
	at sun.reflect.DelegatingMethodAccessorImpl.invoke(DelegatingMethodAccessorImpl.java:43)
	at java.lang.reflect.Method.invoke(Method.java:483)
	at org.springframework.web.method.support.InvocableHandlerMethod.doInvoke(InvocableHandlerMethod.java:205)
	at org.springframework.web.method.support.InvocableHandlerMethod.invokeForRequest(InvocableHandlerMethod.java:133)
	at org.springframework.web.servlet.mvc.method.annotation.ServletInvocableHandlerMethod.invokeAndHandle(ServletInvocableHandlerMethod.java:97)
	at org.springframework.web.servlet.mvc.method.annotation.RequestMappingHandlerAdapter.invokeHandlerMethod(RequestMappingHandlerAdapter.java:827)
	at org.springframework.web.servlet.mvc.method.annotation.RequestMappingHandlerAdapter.handleInternal(RequestMappingHandlerAdapter.java:738)
	at org.springframework.web.servlet.mvc.method.AbstractHandlerMethodAdapter.handle(AbstractHandlerMethodAdapter.java:85)
	at org.springframework.web.servlet.DispatcherServlet.doDispatch(DispatcherServlet.java:967)
	at org.springframework.web.servlet.DispatcherServlet.doService(DispatcherServlet.java:901)
	at org.springframework.web.servlet.FrameworkServlet.processRequest(FrameworkServlet.java:970)
	at org.springframework.web.servlet.FrameworkServlet.doPost(FrameworkServlet.java:872)
	at javax.servlet.http.HttpServlet.service(HttpServlet.java:661)
	at org.springframework.web.servlet.FrameworkServlet.service(FrameworkServlet.java:846)
	at javax.servlet.http.HttpServlet.service(HttpServlet.java:742)
	at org.apache.catalina.core.ApplicationFilterChain.internalDoFilter(ApplicationFilterChain.java:231)
	at org.apache.catalina.core.ApplicationFilterChain.doFilter(ApplicationFilterChain.java:166)
	at org.apache.tomcat.websocket.server.WsFilter.doFilter(WsFilter.java:52)
	at org.apache.catalina.core.ApplicationFilterChain.internalDoFilter(ApplicationFilterChain.java:193)
	at org.apache.catalina.core.ApplicationFilterChain.doFilter(ApplicationFilterChain.java:166)
	at org.springframework.web.filter.CorsFilter.doFilterInternal(CorsFilter.java:96)
	at org.springframework.web.filter.OncePerRequestFilter.doFilter(OncePerRequestFilter.java:107)
	at org.apache.catalina.core.ApplicationFilterChain.internalDoFilter(ApplicationFilterChain.java:193)
	at org.apache.catalina.core.ApplicationFilterChain.doFilter(ApplicationFilterChain.java:166)
	at org.springframework.web.filter.RequestContextFilter.doFilterInternal(RequestContextFilter.java:99)
	at org.springframework.web.filter.OncePerRequestFilter.doFilter(OncePerRequestFilter.java:107)
	at org.apache.catalina.core.ApplicationFilterChain.internalDoFilter(ApplicationFilterChain.java:193)
	at org.apache.catalina.core.ApplicationFilterChain.doFilter(ApplicationFilterChain.java:166)
	at org.springframework.web.filter.HttpPutFormContentFilter.doFilterInternal(HttpPutFormContentFilter.java:108)
	at org.springframework.web.filter.OncePerRequestFilter.doFilter(OncePerRequestFilter.java:107)
	at org.apache.catalina.core.ApplicationFilterChain.internalDoFilter(ApplicationFilterChain.java:193)
	at org.apache.catalina.core.ApplicationFilterChain.doFilter(ApplicationFilterChain.java:166)
	at org.springframework.web.filter.HiddenHttpMethodFilter.doFilterInternal(HiddenHttpMethodFilter.java:81)
	at org.springframework.web.filter.OncePerRequestFilter.doFilter(OncePerRequestFilter.java:107)
	at org.apache.catalina.core.ApplicationFilterChain.internalDoFilter(ApplicationFilterChain.java:193)
	at org.apache.catalina.core.ApplicationFilterChain.doFilter(ApplicationFilterChain.java:166)
	at org.springframework.web.filter.CharacterEncodingFilter.doFilterInternal(CharacterEncodingFilter.java:197)
	at org.springframework.web.filter.OncePerRequestFilter.doFilter(OncePerRequestFilter.java:107)
	at org.apache.catalina.core.ApplicationFilterChain.internalDoFilter(ApplicationFilterChain.java:193)
	at org.apache.catalina.core.ApplicationFilterChain.doFilter(ApplicationFilterChain.java:166)
	at org.apache.catalina.core.StandardWrapperValve.invoke(StandardWrapperValve.java:199)
	at org.apache.catalina.core.StandardContextValve.invoke(StandardContextValve.java:96)
	at org.apache.catalina.authenticator.AuthenticatorBase.invoke(AuthenticatorBase.java:478)
	at org.apache.catalina.core.StandardHostValve.invoke(StandardHostValve.java:140)
	at org.apache.catalina.valves.ErrorReportValve.invoke(ErrorReportValve.java:81)
	at org.apache.catalina.core.StandardEngineValve.invoke(StandardEngineValve.java:87)
	at org.apache.catalina.connector.CoyoteAdapter.service(CoyoteAdapter.java:342)
	at org.apache.coyote.http11.Http11Processor.service(Http11Processor.java:803)
	at org.apache.coyote.AbstractProcessorLight.process(AbstractProcessorLight.java:66)
	at org.apache.coyote.AbstractProtocol$ConnectionHandler.process(AbstractProtocol.java:868)
	at org.apache.tomcat.util.net.NioEndpoint$SocketProcessor.doRun(NioEndpoint.java:1459)
	at org.apache.tomcat.util.net.SocketProcessorBase.run(SocketProcessorBase.java:49)
	at java.util.concurrent.ThreadPoolExecutor.runWorker(ThreadPoolExecutor.java:1142)
	at java.util.concurrent.ThreadPoolExecutor$Worker.run(ThreadPoolExecutor.java:617)
	at org.apache.tomcat.util.threads.TaskThread$WrappingRunnable.run(TaskThread.java:61)
	at java.lang.Thread.run(Thread.java:745)
2019-02-12 16:18:40.660 [http-nio-8080-exec-4] INFO  com.mml.service.impl.NodeServiceImpl - node -> findNode id=25
2019-02-12 16:21:22.979 [http-nio-8080-exec-10] INFO  com.mml.service.impl.AppServiceImpl - init ->findAppMenu
2019-02-12 16:21:22.989 [http-nio-8080-exec-2] INFO  com.mml.service.impl.UserServiceImpl - user -> findById
2019-02-12 16:21:30.173 [http-nio-8080-exec-3] INFO  com.mml.service.impl.NodeServiceImpl - node -> findNode id=47
2019-02-12 16:25:44.089 [http-nio-8080-exec-4] INFO  com.mml.service.impl.UserServiceImpl - user -> findById
2019-02-12 16:25:44.091 [http-nio-8080-exec-8] INFO  com.mml.service.impl.AppServiceImpl - init ->findAppMenu
2019-02-12 16:25:47.044 [http-nio-8080-exec-10] INFO  com.mml.service.impl.NodeServiceImpl - node -> findNode id=47
2019-02-12 16:44:22.962 [http-nio-8080-exec-3] INFO  com.mml.service.impl.AppServiceImpl - init ->findAppMenu
2019-02-12 16:44:22.979 [http-nio-8080-exec-10] INFO  com.mml.service.impl.UserServiceImpl - user -> findById
2019-02-12 16:44:35.979 [http-nio-8080-exec-1] INFO  com.mml.service.impl.NodeServiceImpl - node -> findNode id=46
2019-02-12 16:44:51.290 [http-nio-8080-exec-6] INFO  com.mml.service.impl.NodeServiceImpl - node -> findNode id=76
2019-02-12 17:18:02.444 [http-nio-8080-exec-4] INFO  com.mml.service.impl.NodeServiceImpl - node -> findNode id=25
2019-02-12 17:21:06.989 [http-nio-8080-exec-7] INFO  com.mml.service.impl.UserServiceImpl - user -> findById
2019-02-12 17:21:07.011 [http-nio-8080-exec-5] INFO  com.mml.service.impl.AppServiceImpl - init ->findAppMenu
2019-02-12 17:21:14.024 [http-nio-8080-exec-9] INFO  com.mml.service.impl.NodeServiceImpl - node -> findNode id=25
